{"C:\\Users\\batio\\OneDrive\\Documents\\GitHub\\Delivery_Driver_tracking\\backend\\controllers\\adminController.js": {"path":"C:\\Users\\batio\\OneDrive\\Documents\\GitHub\\Delivery_Driver_tracking\\backend\\controllers\\adminController.js","statementMap":{"0":{"start":{"line":1,"column":13},"end":{"line":1,"column":38}},"1":{"start":{"line":4,"column":20},"end":{"line":12,"column":1}},"2":{"start":{"line":5,"column":2},"end":{"line":11,"column":3}},"3":{"start":{"line":6,"column":18},"end":{"line":6,"column":55}},"4":{"start":{"line":7,"column":4},"end":{"line":7,"column":20}},"5":{"start":{"line":9,"column":4},"end":{"line":9,"column":77}},"6":{"start":{"line":10,"column":4},"end":{"line":10,"column":56}},"7":{"start":{"line":15,"column":16},"end":{"line":26,"column":1}},"8":{"start":{"line":16,"column":2},"end":{"line":25,"column":3}},"9":{"start":{"line":17,"column":17},"end":{"line":17,"column":71}},"10":{"start":{"line":18,"column":4},"end":{"line":20,"column":5}},"11":{"start":{"line":19,"column":6},"end":{"line":19,"column":73}},"12":{"start":{"line":21,"column":4},"end":{"line":21,"column":19}},"13":{"start":{"line":23,"column":4},"end":{"line":23,"column":78}},"14":{"start":{"line":24,"column":4},"end":{"line":24,"column":56}},"15":{"start":{"line":29,"column":19},"end":{"line":40,"column":1}},"16":{"start":{"line":30,"column":2},"end":{"line":39,"column":3}},"17":{"start":{"line":31,"column":17},"end":{"line":31,"column":105}},"18":{"start":{"line":32,"column":4},"end":{"line":34,"column":5}},"19":{"start":{"line":33,"column":6},"end":{"line":33,"column":73}},"20":{"start":{"line":35,"column":4},"end":{"line":35,"column":19}},"21":{"start":{"line":37,"column":4},"end":{"line":37,"column":77}},"22":{"start":{"line":38,"column":4},"end":{"line":38,"column":56}},"23":{"start":{"line":43,"column":19},"end":{"line":54,"column":1}},"24":{"start":{"line":44,"column":2},"end":{"line":53,"column":3}},"25":{"start":{"line":45,"column":17},"end":{"line":45,"column":60}},"26":{"start":{"line":46,"column":4},"end":{"line":48,"column":5}},"27":{"start":{"line":47,"column":6},"end":{"line":47,"column":73}},"28":{"start":{"line":49,"column":4},"end":{"line":49,"column":62}},"29":{"start":{"line":51,"column":4},"end":{"line":51,"column":77}},"30":{"start":{"line":52,"column":4},"end":{"line":52,"column":56}},"31":{"start":{"line":56,"column":0},"end":{"line":61,"column":2}}},"fnMap":{"0":{"name":"(anonymous_0)","decl":{"start":{"line":4,"column":20},"end":{"line":4,"column":21}},"loc":{"start":{"line":4,"column":40},"end":{"line":12,"column":1}},"line":4},"1":{"name":"(anonymous_1)","decl":{"start":{"line":15,"column":16},"end":{"line":15,"column":17}},"loc":{"start":{"line":15,"column":36},"end":{"line":26,"column":1}},"line":15},"2":{"name":"(anonymous_2)","decl":{"start":{"line":29,"column":19},"end":{"line":29,"column":20}},"loc":{"start":{"line":29,"column":39},"end":{"line":40,"column":1}},"line":29},"3":{"name":"(anonymous_3)","decl":{"start":{"line":43,"column":19},"end":{"line":43,"column":20}},"loc":{"start":{"line":43,"column":39},"end":{"line":54,"column":1}},"line":43}},"branchMap":{"0":{"loc":{"start":{"line":18,"column":4},"end":{"line":20,"column":5}},"type":"if","locations":[{"start":{"line":18,"column":4},"end":{"line":20,"column":5}},{"start":{},"end":{}}],"line":18},"1":{"loc":{"start":{"line":32,"column":4},"end":{"line":34,"column":5}},"type":"if","locations":[{"start":{"line":32,"column":4},"end":{"line":34,"column":5}},{"start":{},"end":{}}],"line":32},"2":{"loc":{"start":{"line":46,"column":4},"end":{"line":48,"column":5}},"type":"if","locations":[{"start":{"line":46,"column":4},"end":{"line":48,"column":5}},{"start":{},"end":{}}],"line":46}},"s":{"0":0,"1":0,"2":0,"3":0,"4":0,"5":0,"6":0,"7":0,"8":0,"9":0,"10":0,"11":0,"12":0,"13":0,"14":0,"15":0,"16":0,"17":0,"18":0,"19":0,"20":0,"21":0,"22":0,"23":0,"24":0,"25":0,"26":0,"27":0,"28":0,"29":0,"30":0,"31":0},"f":{"0":0,"1":0,"2":0,"3":0},"b":{"0":[0,0],"1":[0,0],"2":[0,0]}}
,"C:\\Users\\batio\\OneDrive\\Documents\\GitHub\\Delivery_Driver_tracking\\backend\\controllers\\authController.js": {"path":"C:\\Users\\batio\\OneDrive\\Documents\\GitHub\\Delivery_Driver_tracking\\backend\\controllers\\authController.js","statementMap":{"0":{"start":{"line":1,"column":13},"end":{"line":1,"column":38}},"1":{"start":{"line":2,"column":12},"end":{"line":2,"column":35}},"2":{"start":{"line":3,"column":15},"end":{"line":3,"column":34}},"3":{"start":{"line":6,"column":22},"end":{"line":8,"column":1}},"4":{"start":{"line":7,"column":2},"end":{"line":7,"column":72}},"5":{"start":{"line":10,"column":17},"end":{"line":41,"column":1}},"6":{"start":{"line":11,"column":2},"end":{"line":40,"column":3}},"7":{"start":{"line":12,"column":38},"end":{"line":12,"column":46}},"8":{"start":{"line":13,"column":25},"end":{"line":13,"column":54}},"9":{"start":{"line":14,"column":4},"end":{"line":16,"column":5}},"10":{"start":{"line":15,"column":6},"end":{"line":15,"column":89}},"11":{"start":{"line":17,"column":17},"end":{"line":22,"column":6}},"12":{"start":{"line":23,"column":18},"end":{"line":23,"column":41}},"13":{"start":{"line":24,"column":4},"end":{"line":33,"column":7}},"14":{"start":{"line":36,"column":4},"end":{"line":39,"column":7}},"15":{"start":{"line":43,"column":14},"end":{"line":87,"column":1}},"16":{"start":{"line":44,"column":2},"end":{"line":86,"column":3}},"17":{"start":{"line":45,"column":32},"end":{"line":45,"column":40}},"18":{"start":{"line":46,"column":4},"end":{"line":46,"column":59}},"19":{"start":{"line":48,"column":4},"end":{"line":51,"column":5}},"20":{"start":{"line":49,"column":6},"end":{"line":49,"column":52}},"21":{"start":{"line":50,"column":6},"end":{"line":50,"column":79}},"22":{"start":{"line":54,"column":17},"end":{"line":54,"column":94}},"23":{"start":{"line":55,"column":4},"end":{"line":55,"column":61}},"24":{"start":{"line":57,"column":4},"end":{"line":60,"column":5}},"25":{"start":{"line":58,"column":6},"end":{"line":58,"column":61}},"26":{"start":{"line":59,"column":6},"end":{"line":59,"column":82}},"27":{"start":{"line":62,"column":4},"end":{"line":62,"column":51}},"28":{"start":{"line":63,"column":28},"end":{"line":63,"column":64}},"29":{"start":{"line":64,"column":4},"end":{"line":64,"column":57}},"30":{"start":{"line":66,"column":4},"end":{"line":69,"column":5}},"31":{"start":{"line":67,"column":6},"end":{"line":67,"column":44}},"32":{"start":{"line":68,"column":6},"end":{"line":68,"column":82}},"33":{"start":{"line":70,"column":18},"end":{"line":70,"column":41}},"34":{"start":{"line":71,"column":4},"end":{"line":80,"column":7}},"35":{"start":{"line":82,"column":4},"end":{"line":85,"column":7}},"36":{"start":{"line":89,"column":19},"end":{"line":99,"column":1}},"37":{"start":{"line":90,"column":2},"end":{"line":98,"column":3}},"38":{"start":{"line":91,"column":17},"end":{"line":91,"column":69}},"39":{"start":{"line":92,"column":4},"end":{"line":92,"column":23}},"40":{"start":{"line":94,"column":4},"end":{"line":97,"column":7}},"41":{"start":{"line":102,"column":22},"end":{"line":142,"column":1}},"42":{"start":{"line":103,"column":2},"end":{"line":141,"column":3}},"43":{"start":{"line":104,"column":20},"end":{"line":104,"column":41}},"44":{"start":{"line":105,"column":27},"end":{"line":105,"column":53}},"45":{"start":{"line":106,"column":29},"end":{"line":106,"column":85}},"46":{"start":{"line":106,"column":53},"end":{"line":106,"column":84}},"47":{"start":{"line":108,"column":4},"end":{"line":113,"column":5}},"48":{"start":{"line":109,"column":6},"end":{"line":112,"column":9}},"49":{"start":{"line":115,"column":4},"end":{"line":115,"column":67}},"50":{"start":{"line":115,"column":30},"end":{"line":115,"column":65}},"51":{"start":{"line":116,"column":4},"end":{"line":116,"column":26}},"52":{"start":{"line":118,"column":4},"end":{"line":128,"column":7}},"53":{"start":{"line":130,"column":4},"end":{"line":135,"column":5}},"54":{"start":{"line":131,"column":6},"end":{"line":134,"column":9}},"55":{"start":{"line":136,"column":4},"end":{"line":140,"column":7}},"56":{"start":{"line":145,"column":23},"end":{"line":173,"column":1}},"57":{"start":{"line":146,"column":2},"end":{"line":172,"column":3}},"58":{"start":{"line":147,"column":45},"end":{"line":147,"column":53}},"59":{"start":{"line":150,"column":20},"end":{"line":150,"column":76}},"60":{"start":{"line":151,"column":4},"end":{"line":156,"column":5}},"61":{"start":{"line":152,"column":6},"end":{"line":155,"column":9}},"62":{"start":{"line":159,"column":4},"end":{"line":159,"column":36}},"63":{"start":{"line":160,"column":4},"end":{"line":160,"column":26}},"64":{"start":{"line":162,"column":4},"end":{"line":165,"column":7}},"65":{"start":{"line":167,"column":4},"end":{"line":171,"column":7}},"66":{"start":{"line":175,"column":0},"end":{"line":181,"column":2}}},"fnMap":{"0":{"name":"(anonymous_0)","decl":{"start":{"line":6,"column":22},"end":{"line":6,"column":23}},"loc":{"start":{"line":6,"column":30},"end":{"line":8,"column":1}},"line":6},"1":{"name":"(anonymous_1)","decl":{"start":{"line":10,"column":17},"end":{"line":10,"column":18}},"loc":{"start":{"line":10,"column":37},"end":{"line":41,"column":1}},"line":10},"2":{"name":"(anonymous_2)","decl":{"start":{"line":43,"column":14},"end":{"line":43,"column":15}},"loc":{"start":{"line":43,"column":34},"end":{"line":87,"column":1}},"line":43},"3":{"name":"(anonymous_3)","decl":{"start":{"line":89,"column":19},"end":{"line":89,"column":20}},"loc":{"start":{"line":89,"column":39},"end":{"line":99,"column":1}},"line":89},"4":{"name":"(anonymous_4)","decl":{"start":{"line":102,"column":22},"end":{"line":102,"column":23}},"loc":{"start":{"line":102,"column":42},"end":{"line":142,"column":1}},"line":102},"5":{"name":"(anonymous_5)","decl":{"start":{"line":106,"column":43},"end":{"line":106,"column":44}},"loc":{"start":{"line":106,"column":53},"end":{"line":106,"column":84}},"line":106},"6":{"name":"(anonymous_6)","decl":{"start":{"line":115,"column":20},"end":{"line":115,"column":21}},"loc":{"start":{"line":115,"column":30},"end":{"line":115,"column":65}},"line":115},"7":{"name":"(anonymous_7)","decl":{"start":{"line":145,"column":23},"end":{"line":145,"column":24}},"loc":{"start":{"line":145,"column":43},"end":{"line":173,"column":1}},"line":145}},"branchMap":{"0":{"loc":{"start":{"line":14,"column":4},"end":{"line":16,"column":5}},"type":"if","locations":[{"start":{"line":14,"column":4},"end":{"line":16,"column":5}},{"start":{},"end":{}}],"line":14},"1":{"loc":{"start":{"line":48,"column":4},"end":{"line":51,"column":5}},"type":"if","locations":[{"start":{"line":48,"column":4},"end":{"line":51,"column":5}},{"start":{},"end":{}}],"line":48},"2":{"loc":{"start":{"line":48,"column":8},"end":{"line":48,"column":27}},"type":"binary-expr","locations":[{"start":{"line":48,"column":8},"end":{"line":48,"column":14}},{"start":{"line":48,"column":18},"end":{"line":48,"column":27}}],"line":48},"3":{"loc":{"start":{"line":55,"column":39},"end":{"line":55,"column":59}},"type":"cond-expr","locations":[{"start":{"line":55,"column":46},"end":{"line":55,"column":51}},{"start":{"line":55,"column":54},"end":{"line":55,"column":59}}],"line":55},"4":{"loc":{"start":{"line":57,"column":4},"end":{"line":60,"column":5}},"type":"if","locations":[{"start":{"line":57,"column":4},"end":{"line":60,"column":5}},{"start":{},"end":{}}],"line":57},"5":{"loc":{"start":{"line":66,"column":4},"end":{"line":69,"column":5}},"type":"if","locations":[{"start":{"line":66,"column":4},"end":{"line":69,"column":5}},{"start":{},"end":{}}],"line":66},"6":{"loc":{"start":{"line":108,"column":4},"end":{"line":113,"column":5}},"type":"if","locations":[{"start":{"line":108,"column":4},"end":{"line":113,"column":5}},{"start":{},"end":{}}],"line":108},"7":{"loc":{"start":{"line":130,"column":4},"end":{"line":135,"column":5}},"type":"if","locations":[{"start":{"line":130,"column":4},"end":{"line":135,"column":5}},{"start":{},"end":{}}],"line":130},"8":{"loc":{"start":{"line":151,"column":4},"end":{"line":156,"column":5}},"type":"if","locations":[{"start":{"line":151,"column":4},"end":{"line":156,"column":5}},{"start":{},"end":{}}],"line":151}},"s":{"0":0,"1":0,"2":0,"3":0,"4":0,"5":0,"6":0,"7":0,"8":0,"9":0,"10":0,"11":0,"12":0,"13":0,"14":0,"15":0,"16":0,"17":0,"18":0,"19":0,"20":0,"21":0,"22":0,"23":0,"24":0,"25":0,"26":0,"27":0,"28":0,"29":0,"30":0,"31":0,"32":0,"33":0,"34":0,"35":0,"36":0,"37":0,"38":0,"39":0,"40":0,"41":0,"42":0,"43":0,"44":0,"45":0,"46":0,"47":0,"48":0,"49":0,"50":0,"51":0,"52":0,"53":0,"54":0,"55":0,"56":0,"57":0,"58":0,"59":0,"60":0,"61":0,"62":0,"63":0,"64":0,"65":0,"66":0},"f":{"0":0,"1":0,"2":0,"3":0,"4":0,"5":0,"6":0,"7":0},"b":{"0":[0,0],"1":[0,0],"2":[0,0],"3":[0,0],"4":[0,0],"5":[0,0],"6":[0,0],"7":[0,0],"8":[0,0]}}
,"C:\\Users\\batio\\OneDrive\\Documents\\GitHub\\Delivery_Driver_tracking\\backend\\controllers\\deliveryController.js": {"path":"C:\\Users\\batio\\OneDrive\\Documents\\GitHub\\Delivery_Driver_tracking\\backend\\controllers\\deliveryController.js","statementMap":{"0":{"start":{"line":1,"column":17},"end":{"line":1,"column":46}},"1":{"start":{"line":2,"column":29},"end":{"line":2,"column":57}},"2":{"start":{"line":5,"column":0},"end":{"line":22,"column":2}},"3":{"start":{"line":6,"column":2},"end":{"line":21,"column":3}},"4":{"start":{"line":7,"column":57},"end":{"line":7,"column":65}},"5":{"start":{"line":9,"column":21},"end":{"line":15,"column":6}},"6":{"start":{"line":17,"column":4},"end":{"line":17,"column":26}},"7":{"start":{"line":18,"column":4},"end":{"line":18,"column":35}},"8":{"start":{"line":20,"column":4},"end":{"line":20,"column":106}},"9":{"start":{"line":25,"column":0},"end":{"line":40,"column":2}},"10":{"start":{"line":26,"column":2},"end":{"line":39,"column":3}},"11":{"start":{"line":27,"column":31},"end":{"line":27,"column":40}},"12":{"start":{"line":28,"column":19},"end":{"line":28,"column":21}},"13":{"start":{"line":30,"column":4},"end":{"line":30,"column":39}},"14":{"start":{"line":30,"column":16},"end":{"line":30,"column":39}},"15":{"start":{"line":31,"column":4},"end":{"line":31,"column":41}},"16":{"start":{"line":31,"column":16},"end":{"line":31,"column":41}},"17":{"start":{"line":33,"column":23},"end":{"line":34,"column":30}},"18":{"start":{"line":36,"column":4},"end":{"line":36,"column":25}},"19":{"start":{"line":38,"column":4},"end":{"line":38,"column":78}},"20":{"start":{"line":43,"column":0},"end":{"line":53,"column":2}},"21":{"start":{"line":44,"column":2},"end":{"line":52,"column":3}},"22":{"start":{"line":45,"column":21},"end":{"line":45,"column":59}},"23":{"start":{"line":46,"column":4},"end":{"line":48,"column":5}},"24":{"start":{"line":47,"column":6},"end":{"line":47,"column":72}},"25":{"start":{"line":49,"column":4},"end":{"line":49,"column":23}},"26":{"start":{"line":51,"column":4},"end":{"line":51,"column":78}},"27":{"start":{"line":56,"column":0},"end":{"line":84,"column":2}},"28":{"start":{"line":57,"column":17},"end":{"line":57,"column":27}},"29":{"start":{"line":58,"column":21},"end":{"line":58,"column":29}},"30":{"start":{"line":60,"column":2},"end":{"line":83,"column":3}},"31":{"start":{"line":61,"column":26},"end":{"line":61,"column":74}},"32":{"start":{"line":62,"column":4},"end":{"line":64,"column":5}},"33":{"start":{"line":63,"column":6},"end":{"line":63,"column":67}},"34":{"start":{"line":66,"column":21},"end":{"line":74,"column":5}},"35":{"start":{"line":76,"column":4},"end":{"line":78,"column":5}},"36":{"start":{"line":77,"column":6},"end":{"line":77,"column":73}},"37":{"start":{"line":80,"column":4},"end":{"line":80,"column":23}},"38":{"start":{"line":82,"column":4},"end":{"line":82,"column":78}},"39":{"start":{"line":87,"column":0},"end":{"line":109,"column":2}},"40":{"start":{"line":88,"column":2},"end":{"line":108,"column":3}},"41":{"start":{"line":89,"column":25},"end":{"line":89,"column":33}},"42":{"start":{"line":91,"column":21},"end":{"line":99,"column":5}},"43":{"start":{"line":101,"column":4},"end":{"line":103,"column":5}},"44":{"start":{"line":102,"column":6},"end":{"line":102,"column":72}},"45":{"start":{"line":105,"column":4},"end":{"line":105,"column":23}},"46":{"start":{"line":107,"column":4},"end":{"line":107,"column":78}},"47":{"start":{"line":112,"column":0},"end":{"line":124,"column":2}},"48":{"start":{"line":113,"column":2},"end":{"line":123,"column":3}},"49":{"start":{"line":114,"column":21},"end":{"line":114,"column":68}},"50":{"start":{"line":116,"column":4},"end":{"line":118,"column":5}},"51":{"start":{"line":117,"column":6},"end":{"line":117,"column":72}},"52":{"start":{"line":120,"column":4},"end":{"line":120,"column":61}},"53":{"start":{"line":122,"column":4},"end":{"line":122,"column":78}}},"fnMap":{"0":{"name":"(anonymous_0)","decl":{"start":{"line":5,"column":25},"end":{"line":5,"column":26}},"loc":{"start":{"line":5,"column":45},"end":{"line":22,"column":1}},"line":5},"1":{"name":"(anonymous_1)","decl":{"start":{"line":25,"column":27},"end":{"line":25,"column":28}},"loc":{"start":{"line":25,"column":47},"end":{"line":40,"column":1}},"line":25},"2":{"name":"(anonymous_2)","decl":{"start":{"line":43,"column":26},"end":{"line":43,"column":27}},"loc":{"start":{"line":43,"column":46},"end":{"line":53,"column":1}},"line":43},"3":{"name":"(anonymous_3)","decl":{"start":{"line":56,"column":23},"end":{"line":56,"column":24}},"loc":{"start":{"line":56,"column":43},"end":{"line":84,"column":1}},"line":56},"4":{"name":"(anonymous_4)","decl":{"start":{"line":87,"column":23},"end":{"line":87,"column":24}},"loc":{"start":{"line":87,"column":43},"end":{"line":109,"column":1}},"line":87},"5":{"name":"(anonymous_5)","decl":{"start":{"line":112,"column":25},"end":{"line":112,"column":26}},"loc":{"start":{"line":112,"column":45},"end":{"line":124,"column":1}},"line":112}},"branchMap":{"0":{"loc":{"start":{"line":13,"column":16},"end":{"line":13,"column":32}},"type":"binary-expr","locations":[{"start":{"line":13,"column":16},"end":{"line":13,"column":24}},{"start":{"line":13,"column":28},"end":{"line":13,"column":32}}],"line":13},"1":{"loc":{"start":{"line":14,"column":14},"end":{"line":14,"column":47}},"type":"cond-expr","locations":[{"start":{"line":14,"column":25},"end":{"line":14,"column":35}},{"start":{"line":14,"column":38},"end":{"line":14,"column":47}}],"line":14},"2":{"loc":{"start":{"line":30,"column":4},"end":{"line":30,"column":39}},"type":"if","locations":[{"start":{"line":30,"column":4},"end":{"line":30,"column":39}},{"start":{},"end":{}}],"line":30},"3":{"loc":{"start":{"line":31,"column":4},"end":{"line":31,"column":41}},"type":"if","locations":[{"start":{"line":31,"column":4},"end":{"line":31,"column":41}},{"start":{},"end":{}}],"line":31},"4":{"loc":{"start":{"line":46,"column":4},"end":{"line":48,"column":5}},"type":"if","locations":[{"start":{"line":46,"column":4},"end":{"line":48,"column":5}},{"start":{},"end":{}}],"line":46},"5":{"loc":{"start":{"line":62,"column":4},"end":{"line":64,"column":5}},"type":"if","locations":[{"start":{"line":62,"column":4},"end":{"line":64,"column":5}},{"start":{},"end":{}}],"line":62},"6":{"loc":{"start":{"line":70,"column":12},"end":{"line":70,"column":63}},"type":"binary-expr","locations":[{"start":{"line":70,"column":12},"end":{"line":70,"column":35}},{"start":{"line":70,"column":39},"end":{"line":70,"column":63}}],"line":70},"7":{"loc":{"start":{"line":71,"column":12},"end":{"line":71,"column":65}},"type":"binary-expr","locations":[{"start":{"line":71,"column":12},"end":{"line":71,"column":34}},{"start":{"line":71,"column":38},"end":{"line":71,"column":65}}],"line":71},"8":{"loc":{"start":{"line":76,"column":4},"end":{"line":78,"column":5}},"type":"if","locations":[{"start":{"line":76,"column":4},"end":{"line":78,"column":5}},{"start":{},"end":{}}],"line":76},"9":{"loc":{"start":{"line":101,"column":4},"end":{"line":103,"column":5}},"type":"if","locations":[{"start":{"line":101,"column":4},"end":{"line":103,"column":5}},{"start":{},"end":{}}],"line":101},"10":{"loc":{"start":{"line":116,"column":4},"end":{"line":118,"column":5}},"type":"if","locations":[{"start":{"line":116,"column":4},"end":{"line":118,"column":5}},{"start":{},"end":{}}],"line":116}},"s":{"0":0,"1":0,"2":0,"3":0,"4":0,"5":0,"6":0,"7":0,"8":0,"9":0,"10":0,"11":0,"12":0,"13":0,"14":0,"15":0,"16":0,"17":0,"18":0,"19":0,"20":0,"21":0,"22":0,"23":0,"24":0,"25":0,"26":0,"27":0,"28":0,"29":0,"30":0,"31":0,"32":0,"33":0,"34":0,"35":0,"36":0,"37":0,"38":0,"39":0,"40":0,"41":0,"42":0,"43":0,"44":0,"45":0,"46":0,"47":0,"48":0,"49":0,"50":0,"51":0,"52":0,"53":0},"f":{"0":0,"1":0,"2":0,"3":0,"4":0,"5":0},"b":{"0":[0,0],"1":[0,0],"2":[0,0],"3":[0,0],"4":[0,0],"5":[0,0],"6":[0,0],"7":[0,0],"8":[0,0],"9":[0,0],"10":[0,0]}}
,"C:\\Users\\batio\\OneDrive\\Documents\\GitHub\\Delivery_Driver_tracking\\backend\\controllers\\locationController.js": {"path":"C:\\Users\\batio\\OneDrive\\Documents\\GitHub\\Delivery_Driver_tracking\\backend\\controllers\\locationController.js","statementMap":{"0":{"start":{"line":1,"column":23},"end":{"line":1,"column":58}},"1":{"start":{"line":2,"column":13},"end":{"line":2,"column":38}},"2":{"start":{"line":3,"column":17},"end":{"line":3,"column":46}},"3":{"start":{"line":6,"column":0},"end":{"line":76,"column":2}},"4":{"start":{"line":7,"column":2},"end":{"line":75,"column":3}},"5":{"start":{"line":8,"column":90},"end":{"line":8,"column":98}},"6":{"start":{"line":9,"column":21},"end":{"line":9,"column":32}},"7":{"start":{"line":12,"column":4},"end":{"line":14,"column":5}},"8":{"start":{"line":13,"column":6},"end":{"line":13,"column":76}},"9":{"start":{"line":16,"column":34},"end":{"line":16,"column":45}},"10":{"start":{"line":19,"column":4},"end":{"line":23,"column":5}},"11":{"start":{"line":22,"column":6},"end":{"line":22,"column":76}},"12":{"start":{"line":26,"column":4},"end":{"line":33,"column":7}},"13":{"start":{"line":36,"column":27},"end":{"line":49,"column":6}},"14":{"start":{"line":52,"column":27},"end":{"line":55,"column":30}},"15":{"start":{"line":57,"column":4},"end":{"line":59,"column":5}},"16":{"start":{"line":58,"column":6},"end":{"line":58,"column":53}},"17":{"start":{"line":61,"column":4},"end":{"line":61,"column":32}},"18":{"start":{"line":63,"column":4},"end":{"line":70,"column":7}},"19":{"start":{"line":73,"column":4},"end":{"line":73,"column":74}},"20":{"start":{"line":74,"column":4},"end":{"line":74,"column":94}},"21":{"start":{"line":79,"column":0},"end":{"line":108,"column":2}},"22":{"start":{"line":80,"column":2},"end":{"line":107,"column":3}},"23":{"start":{"line":81,"column":25},"end":{"line":81,"column":35}},"24":{"start":{"line":83,"column":19},"end":{"line":85,"column":13}},"25":{"start":{"line":87,"column":4},"end":{"line":89,"column":5}},"26":{"start":{"line":88,"column":6},"end":{"line":88,"column":71}},"27":{"start":{"line":91,"column":4},"end":{"line":93,"column":5}},"28":{"start":{"line":92,"column":6},"end":{"line":92,"column":95}},"29":{"start":{"line":95,"column":4},"end":{"line":102,"column":7}},"30":{"start":{"line":105,"column":4},"end":{"line":105,"column":75}},"31":{"start":{"line":106,"column":4},"end":{"line":106,"column":56}},"32":{"start":{"line":111,"column":0},"end":{"line":149,"column":2}},"33":{"start":{"line":112,"column":2},"end":{"line":148,"column":3}},"34":{"start":{"line":113,"column":25},"end":{"line":113,"column":35}},"35":{"start":{"line":114,"column":48},"end":{"line":114,"column":57}},"36":{"start":{"line":116,"column":18},"end":{"line":116,"column":30}},"37":{"start":{"line":119,"column":4},"end":{"line":123,"column":5}},"38":{"start":{"line":120,"column":6},"end":{"line":120,"column":27}},"39":{"start":{"line":121,"column":6},"end":{"line":121,"column":64}},"40":{"start":{"line":121,"column":21},"end":{"line":121,"column":64}},"41":{"start":{"line":122,"column":6},"end":{"line":122,"column":60}},"42":{"start":{"line":122,"column":19},"end":{"line":122,"column":60}},"43":{"start":{"line":125,"column":20},"end":{"line":129,"column":13}},"44":{"start":{"line":132,"column":20},"end":{"line":141,"column":5}},"45":{"start":{"line":134,"column":39},"end":{"line":140,"column":7}},"46":{"start":{"line":143,"column":4},"end":{"line":143,"column":34}},"47":{"start":{"line":146,"column":4},"end":{"line":146,"column":77}},"48":{"start":{"line":147,"column":4},"end":{"line":147,"column":56}},"49":{"start":{"line":152,"column":0},"end":{"line":218,"column":2}},"50":{"start":{"line":153,"column":2},"end":{"line":217,"column":3}},"51":{"start":{"line":154,"column":56},"end":{"line":154,"column":65}},"52":{"start":{"line":156,"column":4},"end":{"line":158,"column":5}},"53":{"start":{"line":157,"column":6},"end":{"line":157,"column":80}},"54":{"start":{"line":160,"column":18},"end":{"line":163,"column":5}},"55":{"start":{"line":165,"column":26},"end":{"line":192,"column":6}},"56":{"start":{"line":194,"column":4},"end":{"line":212,"column":7}},"57":{"start":{"line":196,"column":45},"end":{"line":211,"column":7}},"58":{"start":{"line":215,"column":4},"end":{"line":215,"column":83}},"59":{"start":{"line":216,"column":4},"end":{"line":216,"column":56}},"60":{"start":{"line":221,"column":0},"end":{"line":261,"column":2}},"61":{"start":{"line":222,"column":2},"end":{"line":260,"column":3}},"62":{"start":{"line":223,"column":36},"end":{"line":223,"column":45}},"63":{"start":{"line":229,"column":4},"end":{"line":231,"column":5}},"64":{"start":{"line":230,"column":6},"end":{"line":230,"column":97}},"65":{"start":{"line":233,"column":35},"end":{"line":233,"column":64}},"66":{"start":{"line":234,"column":31},"end":{"line":234,"column":65}},"67":{"start":{"line":237,"column":4},"end":{"line":239,"column":5}},"68":{"start":{"line":238,"column":6},"end":{"line":238,"column":72}},"69":{"start":{"line":243,"column":18},"end":{"line":253,"column":5}},"70":{"start":{"line":255,"column":4},"end":{"line":255,"column":32}},"71":{"start":{"line":258,"column":4},"end":{"line":258,"column":68}},"72":{"start":{"line":259,"column":4},"end":{"line":259,"column":56}}},"fnMap":{"0":{"name":"(anonymous_0)","decl":{"start":{"line":6,"column":25},"end":{"line":6,"column":26}},"loc":{"start":{"line":6,"column":45},"end":{"line":76,"column":1}},"line":6},"1":{"name":"(anonymous_1)","decl":{"start":{"line":79,"column":28},"end":{"line":79,"column":29}},"loc":{"start":{"line":79,"column":48},"end":{"line":108,"column":1}},"line":79},"2":{"name":"(anonymous_2)","decl":{"start":{"line":111,"column":29},"end":{"line":111,"column":30}},"loc":{"start":{"line":111,"column":49},"end":{"line":149,"column":1}},"line":111},"3":{"name":"(anonymous_3)","decl":{"start":{"line":134,"column":28},"end":{"line":134,"column":29}},"loc":{"start":{"line":134,"column":39},"end":{"line":140,"column":7}},"line":134},"4":{"name":"(anonymous_4)","decl":{"start":{"line":152,"column":28},"end":{"line":152,"column":29}},"loc":{"start":{"line":152,"column":48},"end":{"line":218,"column":1}},"line":152},"5":{"name":"(anonymous_5)","decl":{"start":{"line":196,"column":34},"end":{"line":196,"column":35}},"loc":{"start":{"line":196,"column":45},"end":{"line":211,"column":7}},"line":196},"6":{"name":"(anonymous_6)","decl":{"start":{"line":221,"column":25},"end":{"line":221,"column":26}},"loc":{"start":{"line":221,"column":45},"end":{"line":261,"column":1}},"line":221}},"branchMap":{"0":{"loc":{"start":{"line":12,"column":4},"end":{"line":14,"column":5}},"type":"if","locations":[{"start":{"line":12,"column":4},"end":{"line":14,"column":5}},{"start":{},"end":{}}],"line":12},"1":{"loc":{"start":{"line":12,"column":8},"end":{"line":12,"column":79}},"type":"binary-expr","locations":[{"start":{"line":12,"column":8},"end":{"line":12,"column":20}},{"start":{"line":12,"column":24},"end":{"line":12,"column":51}},{"start":{"line":12,"column":55},"end":{"line":12,"column":79}}],"line":12},"2":{"loc":{"start":{"line":19,"column":4},"end":{"line":23,"column":5}},"type":"if","locations":[{"start":{"line":19,"column":4},"end":{"line":23,"column":5}},{"start":{},"end":{}}],"line":19},"3":{"loc":{"start":{"line":19,"column":8},"end":{"line":21,"column":39}},"type":"binary-expr","locations":[{"start":{"line":19,"column":8},"end":{"line":19,"column":24}},{"start":{"line":19,"column":28},"end":{"line":19,"column":43}},{"start":{"line":20,"column":8},"end":{"line":20,"column":24}},{"start":{"line":20,"column":28},"end":{"line":20,"column":43}},{"start":{"line":21,"column":8},"end":{"line":21,"column":22}},{"start":{"line":21,"column":26},"end":{"line":21,"column":39}}],"line":19},"4":{"loc":{"start":{"line":57,"column":4},"end":{"line":59,"column":5}},"type":"if","locations":[{"start":{"line":57,"column":4},"end":{"line":59,"column":5}},{"start":{},"end":{}}],"line":57},"5":{"loc":{"start":{"line":87,"column":4},"end":{"line":89,"column":5}},"type":"if","locations":[{"start":{"line":87,"column":4},"end":{"line":89,"column":5}},{"start":{},"end":{}}],"line":87},"6":{"loc":{"start":{"line":91,"column":4},"end":{"line":93,"column":5}},"type":"if","locations":[{"start":{"line":91,"column":4},"end":{"line":93,"column":5}},{"start":{},"end":{}}],"line":91},"7":{"loc":{"start":{"line":114,"column":32},"end":{"line":114,"column":43}},"type":"default-arg","locations":[{"start":{"line":114,"column":40},"end":{"line":114,"column":43}}],"line":114},"8":{"loc":{"start":{"line":119,"column":4},"end":{"line":123,"column":5}},"type":"if","locations":[{"start":{"line":119,"column":4},"end":{"line":123,"column":5}},{"start":{},"end":{}}],"line":119},"9":{"loc":{"start":{"line":119,"column":8},"end":{"line":119,"column":28}},"type":"binary-expr","locations":[{"start":{"line":119,"column":8},"end":{"line":119,"column":17}},{"start":{"line":119,"column":21},"end":{"line":119,"column":28}}],"line":119},"10":{"loc":{"start":{"line":121,"column":6},"end":{"line":121,"column":64}},"type":"if","locations":[{"start":{"line":121,"column":6},"end":{"line":121,"column":64}},{"start":{},"end":{}}],"line":121},"11":{"loc":{"start":{"line":122,"column":6},"end":{"line":122,"column":60}},"type":"if","locations":[{"start":{"line":122,"column":6},"end":{"line":122,"column":60}},{"start":{},"end":{}}],"line":122},"12":{"loc":{"start":{"line":154,"column":33},"end":{"line":154,"column":51}},"type":"default-arg","locations":[{"start":{"line":154,"column":47},"end":{"line":154,"column":51}}],"line":154},"13":{"loc":{"start":{"line":156,"column":4},"end":{"line":158,"column":5}},"type":"if","locations":[{"start":{"line":156,"column":4},"end":{"line":158,"column":5}},{"start":{},"end":{}}],"line":156},"14":{"loc":{"start":{"line":156,"column":8},"end":{"line":156,"column":31}},"type":"binary-expr","locations":[{"start":{"line":156,"column":8},"end":{"line":156,"column":18}},{"start":{"line":156,"column":22},"end":{"line":156,"column":31}}],"line":156},"15":{"loc":{"start":{"line":229,"column":4},"end":{"line":231,"column":5}},"type":"if","locations":[{"start":{"line":229,"column":4},"end":{"line":231,"column":5}},{"start":{},"end":{}}],"line":229},"16":{"loc":{"start":{"line":229,"column":8},"end":{"line":229,"column":31}},"type":"binary-expr","locations":[{"start":{"line":229,"column":8},"end":{"line":229,"column":15}},{"start":{"line":229,"column":19},"end":{"line":229,"column":31}}],"line":229},"17":{"loc":{"start":{"line":237,"column":4},"end":{"line":239,"column":5}},"type":"if","locations":[{"start":{"line":237,"column":4},"end":{"line":239,"column":5}},{"start":{},"end":{}}],"line":237},"18":{"loc":{"start":{"line":237,"column":8},"end":{"line":237,"column":80}},"type":"binary-expr","locations":[{"start":{"line":237,"column":8},"end":{"line":237,"column":24}},{"start":{"line":237,"column":28},"end":{"line":237,"column":44}},{"start":{"line":237,"column":48},"end":{"line":237,"column":62}},{"start":{"line":237,"column":66},"end":{"line":237,"column":80}}],"line":237}},"s":{"0":0,"1":0,"2":0,"3":0,"4":0,"5":0,"6":0,"7":0,"8":0,"9":0,"10":0,"11":0,"12":0,"13":0,"14":0,"15":0,"16":0,"17":0,"18":0,"19":0,"20":0,"21":0,"22":0,"23":0,"24":0,"25":0,"26":0,"27":0,"28":0,"29":0,"30":0,"31":0,"32":0,"33":0,"34":0,"35":0,"36":0,"37":0,"38":0,"39":0,"40":0,"41":0,"42":0,"43":0,"44":0,"45":0,"46":0,"47":0,"48":0,"49":0,"50":0,"51":0,"52":0,"53":0,"54":0,"55":0,"56":0,"57":0,"58":0,"59":0,"60":0,"61":0,"62":0,"63":0,"64":0,"65":0,"66":0,"67":0,"68":0,"69":0,"70":0,"71":0,"72":0},"f":{"0":0,"1":0,"2":0,"3":0,"4":0,"5":0,"6":0},"b":{"0":[0,0],"1":[0,0,0],"2":[0,0],"3":[0,0,0,0,0,0],"4":[0,0],"5":[0,0],"6":[0,0],"7":[0],"8":[0,0],"9":[0,0],"10":[0,0],"11":[0,0],"12":[0],"13":[0,0],"14":[0,0],"15":[0,0],"16":[0,0],"17":[0,0],"18":[0,0,0,0]}}
,"C:\\Users\\batio\\OneDrive\\Documents\\GitHub\\Delivery_Driver_tracking\\backend\\middleware\\adminAuth.js": {"path":"C:\\Users\\batio\\OneDrive\\Documents\\GitHub\\Delivery_Driver_tracking\\backend\\middleware\\adminAuth.js","statementMap":{"0":{"start":{"line":1,"column":12},"end":{"line":1,"column":35}},"1":{"start":{"line":2,"column":13},"end":{"line":2,"column":38}},"2":{"start":{"line":4,"column":18},"end":{"line":33,"column":1}},"3":{"start":{"line":5,"column":2},"end":{"line":32,"column":3}},"4":{"start":{"line":7,"column":23},"end":{"line":7,"column":50}},"5":{"start":{"line":8,"column":4},"end":{"line":10,"column":5}},"6":{"start":{"line":9,"column":6},"end":{"line":9,"column":91}},"7":{"start":{"line":12,"column":18},"end":{"line":12,"column":42}},"8":{"start":{"line":15,"column":20},"end":{"line":15,"column":61}},"9":{"start":{"line":18,"column":17},"end":{"line":18,"column":68}},"10":{"start":{"line":19,"column":4},"end":{"line":21,"column":5}},"11":{"start":{"line":20,"column":6},"end":{"line":20,"column":73}},"12":{"start":{"line":23,"column":4},"end":{"line":25,"column":5}},"13":{"start":{"line":24,"column":6},"end":{"line":24,"column":85}},"14":{"start":{"line":27,"column":4},"end":{"line":27,"column":20}},"15":{"start":{"line":28,"column":4},"end":{"line":28,"column":11}},"16":{"start":{"line":30,"column":4},"end":{"line":30,"column":62}},"17":{"start":{"line":31,"column":4},"end":{"line":31,"column":66}},"18":{"start":{"line":35,"column":0},"end":{"line":35,"column":27}}},"fnMap":{"0":{"name":"(anonymous_0)","decl":{"start":{"line":4,"column":18},"end":{"line":4,"column":19}},"loc":{"start":{"line":4,"column":44},"end":{"line":33,"column":1}},"line":4}},"branchMap":{"0":{"loc":{"start":{"line":8,"column":4},"end":{"line":10,"column":5}},"type":"if","locations":[{"start":{"line":8,"column":4},"end":{"line":10,"column":5}},{"start":{},"end":{}}],"line":8},"1":{"loc":{"start":{"line":19,"column":4},"end":{"line":21,"column":5}},"type":"if","locations":[{"start":{"line":19,"column":4},"end":{"line":21,"column":5}},{"start":{},"end":{}}],"line":19},"2":{"loc":{"start":{"line":23,"column":4},"end":{"line":25,"column":5}},"type":"if","locations":[{"start":{"line":23,"column":4},"end":{"line":25,"column":5}},{"start":{},"end":{}}],"line":23}},"s":{"0":0,"1":0,"2":0,"3":0,"4":0,"5":0,"6":0,"7":0,"8":0,"9":0,"10":0,"11":0,"12":0,"13":0,"14":0,"15":0,"16":0,"17":0,"18":0},"f":{"0":0},"b":{"0":[0,0],"1":[0,0],"2":[0,0]}}
,"C:\\Users\\batio\\OneDrive\\Documents\\GitHub\\Delivery_Driver_tracking\\backend\\middleware\\auth.js": {"path":"C:\\Users\\batio\\OneDrive\\Documents\\GitHub\\Delivery_Driver_tracking\\backend\\middleware\\auth.js","statementMap":{"0":{"start":{"line":1,"column":12},"end":{"line":1,"column":35}},"1":{"start":{"line":2,"column":13},"end":{"line":2,"column":38}},"2":{"start":{"line":9,"column":21},"end":{"line":69,"column":1}},"3":{"start":{"line":10,"column":2},"end":{"line":68,"column":3}},"4":{"start":{"line":13,"column":4},"end":{"line":15,"column":5}},"5":{"start":{"line":14,"column":6},"end":{"line":14,"column":54}},"6":{"start":{"line":17,"column":4},"end":{"line":22,"column":5}},"7":{"start":{"line":18,"column":6},"end":{"line":21,"column":9}},"8":{"start":{"line":25,"column":20},"end":{"line":25,"column":61}},"9":{"start":{"line":28,"column":17},"end":{"line":28,"column":68}},"10":{"start":{"line":29,"column":4},"end":{"line":34,"column":5}},"11":{"start":{"line":30,"column":6},"end":{"line":33,"column":9}},"12":{"start":{"line":37,"column":4},"end":{"line":42,"column":5}},"13":{"start":{"line":38,"column":6},"end":{"line":41,"column":9}},"14":{"start":{"line":45,"column":4},"end":{"line":45,"column":20}},"15":{"start":{"line":46,"column":4},"end":{"line":46,"column":11}},"16":{"start":{"line":49,"column":4},"end":{"line":54,"column":5}},"17":{"start":{"line":50,"column":6},"end":{"line":53,"column":9}},"18":{"start":{"line":55,"column":4},"end":{"line":60,"column":5}},"19":{"start":{"line":56,"column":6},"end":{"line":59,"column":9}},"20":{"start":{"line":63,"column":4},"end":{"line":63,"column":56}},"21":{"start":{"line":64,"column":4},"end":{"line":67,"column":7}},"22":{"start":{"line":75,"column":18},"end":{"line":95,"column":1}},"23":{"start":{"line":76,"column":2},"end":{"line":94,"column":4}},"24":{"start":{"line":78,"column":4},"end":{"line":83,"column":5}},"25":{"start":{"line":79,"column":6},"end":{"line":82,"column":9}},"26":{"start":{"line":86,"column":4},"end":{"line":91,"column":5}},"27":{"start":{"line":87,"column":6},"end":{"line":90,"column":9}},"28":{"start":{"line":93,"column":4},"end":{"line":93,"column":11}},"29":{"start":{"line":97,"column":0},"end":{"line":97,"column":45}}},"fnMap":{"0":{"name":"(anonymous_0)","decl":{"start":{"line":9,"column":21},"end":{"line":9,"column":22}},"loc":{"start":{"line":9,"column":47},"end":{"line":69,"column":1}},"line":9},"1":{"name":"(anonymous_1)","decl":{"start":{"line":75,"column":18},"end":{"line":75,"column":19}},"loc":{"start":{"line":75,"column":32},"end":{"line":95,"column":1}},"line":75},"2":{"name":"(anonymous_2)","decl":{"start":{"line":76,"column":9},"end":{"line":76,"column":10}},"loc":{"start":{"line":76,"column":29},"end":{"line":94,"column":3}},"line":76}},"branchMap":{"0":{"loc":{"start":{"line":13,"column":4},"end":{"line":15,"column":5}},"type":"if","locations":[{"start":{"line":13,"column":4},"end":{"line":15,"column":5}},{"start":{},"end":{}}],"line":13},"1":{"loc":{"start":{"line":13,"column":8},"end":{"line":13,"column":83}},"type":"binary-expr","locations":[{"start":{"line":13,"column":8},"end":{"line":13,"column":33}},{"start":{"line":13,"column":37},"end":{"line":13,"column":83}}],"line":13},"2":{"loc":{"start":{"line":17,"column":4},"end":{"line":22,"column":5}},"type":"if","locations":[{"start":{"line":17,"column":4},"end":{"line":22,"column":5}},{"start":{},"end":{}}],"line":17},"3":{"loc":{"start":{"line":29,"column":4},"end":{"line":34,"column":5}},"type":"if","locations":[{"start":{"line":29,"column":4},"end":{"line":34,"column":5}},{"start":{},"end":{}}],"line":29},"4":{"loc":{"start":{"line":37,"column":4},"end":{"line":42,"column":5}},"type":"if","locations":[{"start":{"line":37,"column":4},"end":{"line":42,"column":5}},{"start":{},"end":{}}],"line":37},"5":{"loc":{"start":{"line":37,"column":8},"end":{"line":37,"column":75}},"type":"binary-expr","locations":[{"start":{"line":37,"column":8},"end":{"line":37,"column":33}},{"start":{"line":37,"column":37},"end":{"line":37,"column":75}}],"line":37},"6":{"loc":{"start":{"line":49,"column":4},"end":{"line":54,"column":5}},"type":"if","locations":[{"start":{"line":49,"column":4},"end":{"line":54,"column":5}},{"start":{},"end":{}}],"line":49},"7":{"loc":{"start":{"line":55,"column":4},"end":{"line":60,"column":5}},"type":"if","locations":[{"start":{"line":55,"column":4},"end":{"line":60,"column":5}},{"start":{},"end":{}}],"line":55},"8":{"loc":{"start":{"line":78,"column":4},"end":{"line":83,"column":5}},"type":"if","locations":[{"start":{"line":78,"column":4},"end":{"line":83,"column":5}},{"start":{},"end":{}}],"line":78},"9":{"loc":{"start":{"line":86,"column":4},"end":{"line":91,"column":5}},"type":"if","locations":[{"start":{"line":86,"column":4},"end":{"line":91,"column":5}},{"start":{},"end":{}}],"line":86}},"s":{"0":0,"1":0,"2":0,"3":0,"4":0,"5":0,"6":0,"7":0,"8":0,"9":0,"10":0,"11":0,"12":0,"13":0,"14":0,"15":0,"16":0,"17":0,"18":0,"19":0,"20":0,"21":0,"22":0,"23":0,"24":0,"25":0,"26":0,"27":0,"28":0,"29":0},"f":{"0":0,"1":0,"2":0},"b":{"0":[0,0],"1":[0,0],"2":[0,0],"3":[0,0],"4":[0,0],"5":[0,0],"6":[0,0],"7":[0,0],"8":[0,0],"9":[0,0]}}
,"C:\\Users\\batio\\OneDrive\\Documents\\GitHub\\Delivery_Driver_tracking\\backend\\middleware\\validate.js": {"path":"C:\\Users\\batio\\OneDrive\\Documents\\GitHub\\Delivery_Driver_tracking\\backend\\middleware\\validate.js","statementMap":{"0":{"start":{"line":1,"column":29},"end":{"line":1,"column":57}},"1":{"start":{"line":9,"column":17},"end":{"line":25,"column":1}},"2":{"start":{"line":10,"column":17},"end":{"line":10,"column":38}},"3":{"start":{"line":12,"column":2},"end":{"line":14,"column":3}},"4":{"start":{"line":13,"column":4},"end":{"line":13,"column":18}},"5":{"start":{"line":17,"column":26},"end":{"line":17,"column":28}},"6":{"start":{"line":18,"column":2},"end":{"line":18,"column":75}},"7":{"start":{"line":18,"column":28},"end":{"line":18,"column":73}},"8":{"start":{"line":20,"column":2},"end":{"line":24,"column":5}},"9":{"start":{"line":27,"column":0},"end":{"line":27,"column":30}}},"fnMap":{"0":{"name":"(anonymous_0)","decl":{"start":{"line":9,"column":17},"end":{"line":9,"column":18}},"loc":{"start":{"line":9,"column":37},"end":{"line":25,"column":1}},"line":9},"1":{"name":"(anonymous_1)","decl":{"start":{"line":18,"column":21},"end":{"line":18,"column":22}},"loc":{"start":{"line":18,"column":28},"end":{"line":18,"column":73}},"line":18}},"branchMap":{"0":{"loc":{"start":{"line":12,"column":2},"end":{"line":14,"column":3}},"type":"if","locations":[{"start":{"line":12,"column":2},"end":{"line":14,"column":3}},{"start":{},"end":{}}],"line":12}},"s":{"0":0,"1":0,"2":0,"3":0,"4":0,"5":0,"6":0,"7":0,"8":0,"9":0},"f":{"0":0,"1":0},"b":{"0":[0,0]}}
,"C:\\Users\\batio\\OneDrive\\Documents\\GitHub\\Delivery_Driver_tracking\\backend\\models\\Delivery.js": {"path":"C:\\Users\\batio\\OneDrive\\Documents\\GitHub\\Delivery_Driver_tracking\\backend\\models\\Delivery.js","statementMap":{"0":{"start":{"line":1,"column":17},"end":{"line":1,"column":36}},"1":{"start":{"line":3,"column":23},"end":{"line":59,"column":2}},"2":{"start":{"line":62,"column":0},"end":{"line":62,"column":37}},"3":{"start":{"line":63,"column":0},"end":{"line":63,"column":49}},"4":{"start":{"line":65,"column":0},"end":{"line":65,"column":60}}},"fnMap":{},"branchMap":{},"s":{"0":0,"1":0,"2":0,"3":0,"4":0},"f":{},"b":{}}
,"C:\\Users\\batio\\OneDrive\\Documents\\GitHub\\Delivery_Driver_tracking\\backend\\models\\LocationUpdate.js": {"path":"C:\\Users\\batio\\OneDrive\\Documents\\GitHub\\Delivery_Driver_tracking\\backend\\models\\LocationUpdate.js","statementMap":{"0":{"start":{"line":1,"column":17},"end":{"line":1,"column":36}},"1":{"start":{"line":2,"column":19},"end":{"line":2,"column":36}},"2":{"start":{"line":4,"column":20},"end":{"line":23,"column":2}},"3":{"start":{"line":16,"column":8},"end":{"line":18,"column":41}},"4":{"start":{"line":20,"column":24},"end":{"line":20,"column":84}},"5":{"start":{"line":25,"column":29},"end":{"line":87,"column":2}},"6":{"start":{"line":90,"column":0},"end":{"line":90,"column":59}},"7":{"start":{"line":91,"column":0},"end":{"line":91,"column":61}},"8":{"start":{"line":94,"column":0},"end":{"line":110,"column":2}},"9":{"start":{"line":95,"column":2},"end":{"line":109,"column":4}},"10":{"start":{"line":113,"column":0},"end":{"line":117,"column":2}},"11":{"start":{"line":114,"column":2},"end":{"line":116,"column":18}},"12":{"start":{"line":120,"column":0},"end":{"line":125,"column":2}},"13":{"start":{"line":121,"column":2},"end":{"line":124,"column":12}},"14":{"start":{"line":128,"column":0},"end":{"line":150,"column":3}},"15":{"start":{"line":129,"column":2},"end":{"line":149,"column":3}},"16":{"start":{"line":131,"column":18},"end":{"line":131,"column":84}},"17":{"start":{"line":134,"column":4},"end":{"line":146,"column":5}},"18":{"start":{"line":135,"column":27},"end":{"line":139,"column":22}},"19":{"start":{"line":141,"column":6},"end":{"line":145,"column":7}},"20":{"start":{"line":142,"column":8},"end":{"line":144,"column":11}},"21":{"start":{"line":143,"column":46},"end":{"line":143,"column":53}},"22":{"start":{"line":148,"column":4},"end":{"line":148,"column":78}},"23":{"start":{"line":152,"column":0},"end":{"line":152,"column":50}},"24":{"start":{"line":154,"column":0},"end":{"line":154,"column":72}}},"fnMap":{"0":{"name":"(anonymous_0)","decl":{"start":{"line":15,"column":17},"end":{"line":15,"column":18}},"loc":{"start":{"line":15,"column":29},"end":{"line":19,"column":7}},"line":15},"1":{"name":"(anonymous_1)","decl":{"start":{"line":20,"column":15},"end":{"line":20,"column":16}},"loc":{"start":{"line":20,"column":24},"end":{"line":20,"column":84}},"line":20},"2":{"name":"(anonymous_2)","decl":{"start":{"line":94,"column":41},"end":{"line":94,"column":42}},"loc":{"start":{"line":94,"column":52},"end":{"line":110,"column":1}},"line":94},"3":{"name":"(anonymous_3)","decl":{"start":{"line":113,"column":48},"end":{"line":113,"column":49}},"loc":{"start":{"line":113,"column":78},"end":{"line":117,"column":1}},"line":113},"4":{"name":"(anonymous_4)","decl":{"start":{"line":120,"column":47},"end":{"line":120,"column":48}},"loc":{"start":{"line":120,"column":68},"end":{"line":125,"column":1}},"line":120},"5":{"name":"(anonymous_5)","decl":{"start":{"line":128,"column":34},"end":{"line":128,"column":35}},"loc":{"start":{"line":128,"column":51},"end":{"line":150,"column":1}},"line":128},"6":{"name":"(anonymous_6)","decl":{"start":{"line":143,"column":39},"end":{"line":143,"column":40}},"loc":{"start":{"line":143,"column":46},"end":{"line":143,"column":53}},"line":143}},"branchMap":{"0":{"loc":{"start":{"line":16,"column":15},"end":{"line":18,"column":40}},"type":"binary-expr","locations":[{"start":{"line":16,"column":15},"end":{"line":16,"column":29}},{"start":{"line":17,"column":15},"end":{"line":17,"column":27}},{"start":{"line":17,"column":31},"end":{"line":17,"column":42}},{"start":{"line":18,"column":15},"end":{"line":18,"column":26}},{"start":{"line":18,"column":30},"end":{"line":18,"column":40}}],"line":16},"1":{"loc":{"start":{"line":113,"column":67},"end":{"line":113,"column":76}},"type":"default-arg","locations":[{"start":{"line":113,"column":75},"end":{"line":113,"column":76}}],"line":113},"2":{"loc":{"start":{"line":134,"column":4},"end":{"line":146,"column":5}},"type":"if","locations":[{"start":{"line":134,"column":4},"end":{"line":146,"column":5}},{"start":{},"end":{}}],"line":134},"3":{"loc":{"start":{"line":141,"column":6},"end":{"line":145,"column":7}},"type":"if","locations":[{"start":{"line":141,"column":6},"end":{"line":145,"column":7}},{"start":{},"end":{}}],"line":141}},"s":{"0":0,"1":0,"2":0,"3":0,"4":0,"5":0,"6":0,"7":0,"8":0,"9":0,"10":0,"11":0,"12":0,"13":0,"14":0,"15":0,"16":0,"17":0,"18":0,"19":0,"20":0,"21":0,"22":0,"23":0,"24":0},"f":{"0":0,"1":0,"2":0,"3":0,"4":0,"5":0,"6":0},"b":{"0":[0,0,0,0,0],"1":[0],"2":[0,0],"3":[0,0]}}
,"C:\\Users\\batio\\OneDrive\\Documents\\GitHub\\Delivery_Driver_tracking\\backend\\models\\User.js": {"path":"C:\\Users\\batio\\OneDrive\\Documents\\GitHub\\Delivery_Driver_tracking\\backend\\models\\User.js","statementMap":{"0":{"start":{"line":1,"column":17},"end":{"line":1,"column":36}},"1":{"start":{"line":2,"column":15},"end":{"line":2,"column":34}},"2":{"start":{"line":4,"column":23},"end":{"line":23,"column":2}},"3":{"start":{"line":16,"column":8},"end":{"line":18,"column":41}},"4":{"start":{"line":20,"column":24},"end":{"line":20,"column":84}},"5":{"start":{"line":25,"column":19},"end":{"line":93,"column":2}},"6":{"start":{"line":96,"column":0},"end":{"line":96,"column":43}},"7":{"start":{"line":99,"column":0},"end":{"line":113,"column":3}},"8":{"start":{"line":101,"column":2},"end":{"line":101,"column":50}},"9":{"start":{"line":101,"column":36},"end":{"line":101,"column":50}},"10":{"start":{"line":104,"column":15},"end":{"line":104,"column":39}},"11":{"start":{"line":105,"column":2},"end":{"line":105,"column":57}},"12":{"start":{"line":108,"column":2},"end":{"line":110,"column":3}},"13":{"start":{"line":109,"column":4},"end":{"line":109,"column":47}},"14":{"start":{"line":112,"column":2},"end":{"line":112,"column":9}},"15":{"start":{"line":116,"column":0},"end":{"line":118,"column":2}},"16":{"start":{"line":117,"column":2},"end":{"line":117,"column":64}},"17":{"start":{"line":121,"column":0},"end":{"line":128,"column":2}},"18":{"start":{"line":122,"column":2},"end":{"line":125,"column":4}},"19":{"start":{"line":126,"column":2},"end":{"line":126,"column":39}},"20":{"start":{"line":127,"column":2},"end":{"line":127,"column":21}},"21":{"start":{"line":131,"column":0},"end":{"line":146,"column":2}},"22":{"start":{"line":132,"column":2},"end":{"line":132,"column":34}},"23":{"start":{"line":132,"column":22},"end":{"line":132,"column":34}},"24":{"start":{"line":134,"column":12},"end":{"line":134,"column":18}},"25":{"start":{"line":135,"column":13},"end":{"line":135,"column":55}},"26":{"start":{"line":136,"column":13},"end":{"line":136,"column":41}},"27":{"start":{"line":137,"column":13},"end":{"line":137,"column":74}},"28":{"start":{"line":138,"column":13},"end":{"line":138,"column":74}},"29":{"start":{"line":140,"column":12},"end":{"line":142,"column":43}},"30":{"start":{"line":143,"column":12},"end":{"line":143,"column":56}},"31":{"start":{"line":145,"column":2},"end":{"line":145,"column":15}},"32":{"start":{"line":149,"column":0},"end":{"line":161,"column":2}},"33":{"start":{"line":150,"column":2},"end":{"line":160,"column":4}},"34":{"start":{"line":164,"column":0},"end":{"line":174,"column":2}},"35":{"start":{"line":165,"column":2},"end":{"line":171,"column":3}},"36":{"start":{"line":166,"column":29},"end":{"line":169,"column":5}},"37":{"start":{"line":170,"column":4},"end":{"line":170,"column":43}},"38":{"start":{"line":173,"column":2},"end":{"line":173,"column":15}},"39":{"start":{"line":176,"column":0},"end":{"line":176,"column":41}},"40":{"start":{"line":178,"column":0},"end":{"line":178,"column":52}}},"fnMap":{"0":{"name":"(anonymous_0)","decl":{"start":{"line":15,"column":17},"end":{"line":15,"column":18}},"loc":{"start":{"line":15,"column":29},"end":{"line":19,"column":7}},"line":15},"1":{"name":"(anonymous_1)","decl":{"start":{"line":20,"column":15},"end":{"line":20,"column":16}},"loc":{"start":{"line":20,"column":24},"end":{"line":20,"column":84}},"line":20},"2":{"name":"(anonymous_2)","decl":{"start":{"line":99,"column":23},"end":{"line":99,"column":24}},"loc":{"start":{"line":99,"column":44},"end":{"line":113,"column":1}},"line":99},"3":{"name":"(anonymous_3)","decl":{"start":{"line":116,"column":37},"end":{"line":116,"column":38}},"loc":{"start":{"line":116,"column":71},"end":{"line":118,"column":1}},"line":116},"4":{"name":"(anonymous_4)","decl":{"start":{"line":121,"column":36},"end":{"line":121,"column":37}},"loc":{"start":{"line":121,"column":64},"end":{"line":128,"column":1}},"line":121},"5":{"name":"(anonymous_5)","decl":{"start":{"line":131,"column":39},"end":{"line":131,"column":40}},"loc":{"start":{"line":131,"column":61},"end":{"line":146,"column":1}},"line":131},"6":{"name":"(anonymous_6)","decl":{"start":{"line":149,"column":31},"end":{"line":149,"column":32}},"loc":{"start":{"line":149,"column":42},"end":{"line":161,"column":1}},"line":149},"7":{"name":"(anonymous_7)","decl":{"start":{"line":164,"column":42},"end":{"line":164,"column":43}},"loc":{"start":{"line":164,"column":65},"end":{"line":174,"column":1}},"line":164}},"branchMap":{"0":{"loc":{"start":{"line":16,"column":15},"end":{"line":18,"column":40}},"type":"binary-expr","locations":[{"start":{"line":16,"column":15},"end":{"line":16,"column":29}},{"start":{"line":17,"column":15},"end":{"line":17,"column":27}},{"start":{"line":17,"column":31},"end":{"line":17,"column":42}},{"start":{"line":18,"column":15},"end":{"line":18,"column":26}},{"start":{"line":18,"column":30},"end":{"line":18,"column":40}}],"line":16},"1":{"loc":{"start":{"line":101,"column":2},"end":{"line":101,"column":50}},"type":"if","locations":[{"start":{"line":101,"column":2},"end":{"line":101,"column":50}},{"start":{},"end":{}}],"line":101},"2":{"loc":{"start":{"line":108,"column":2},"end":{"line":110,"column":3}},"type":"if","locations":[{"start":{"line":108,"column":2},"end":{"line":110,"column":3}},{"start":{},"end":{}}],"line":108},"3":{"loc":{"start":{"line":108,"column":6},"end":{"line":108,"column":48}},"type":"binary-expr","locations":[{"start":{"line":108,"column":6},"end":{"line":108,"column":33}},{"start":{"line":108,"column":37},"end":{"line":108,"column":48}}],"line":108},"4":{"loc":{"start":{"line":132,"column":2},"end":{"line":132,"column":34}},"type":"if","locations":[{"start":{"line":132,"column":2},"end":{"line":132,"column":34}},{"start":{},"end":{}}],"line":132},"5":{"loc":{"start":{"line":159,"column":14},"end":{"line":159,"column":35}},"type":"binary-expr","locations":[{"start":{"line":159,"column":14},"end":{"line":159,"column":27}},{"start":{"line":159,"column":31},"end":{"line":159,"column":35}}],"line":159},"6":{"loc":{"start":{"line":165,"column":2},"end":{"line":171,"column":3}},"type":"if","locations":[{"start":{"line":165,"column":2},"end":{"line":171,"column":3}},{"start":{},"end":{}}],"line":165}},"s":{"0":0,"1":0,"2":0,"3":0,"4":0,"5":0,"6":0,"7":0,"8":0,"9":0,"10":0,"11":0,"12":0,"13":0,"14":0,"15":0,"16":0,"17":0,"18":0,"19":0,"20":0,"21":0,"22":0,"23":0,"24":0,"25":0,"26":0,"27":0,"28":0,"29":0,"30":0,"31":0,"32":0,"33":0,"34":0,"35":0,"36":0,"37":0,"38":0,"39":0,"40":0},"f":{"0":0,"1":0,"2":0,"3":0,"4":0,"5":0,"6":0,"7":0},"b":{"0":[0,0,0,0,0],"1":[0,0],"2":[0,0],"3":[0,0],"4":[0,0],"5":[0,0],"6":[0,0]}}
}
