{"C:\\Users\\batio\\OneDrive\\Documents\\GitHub\\Delivery_Driver_tracking\\backend\\controllers\\adminController.js": {"path":"C:\\Users\\batio\\OneDrive\\Documents\\GitHub\\Delivery_Driver_tracking\\backend\\controllers\\adminController.js","statementMap":{"0":{"start":{"line":1,"column":13},"end":{"line":1,"column":38}},"1":{"start":{"line":4,"column":20},"end":{"line":12,"column":1}},"2":{"start":{"line":5,"column":2},"end":{"line":11,"column":3}},"3":{"start":{"line":6,"column":18},"end":{"line":6,"column":55}},"4":{"start":{"line":7,"column":4},"end":{"line":7,"column":20}},"5":{"start":{"line":9,"column":4},"end":{"line":9,"column":77}},"6":{"start":{"line":10,"column":4},"end":{"line":10,"column":56}},"7":{"start":{"line":15,"column":16},"end":{"line":26,"column":1}},"8":{"start":{"line":16,"column":2},"end":{"line":25,"column":3}},"9":{"start":{"line":17,"column":17},"end":{"line":17,"column":71}},"10":{"start":{"line":18,"column":4},"end":{"line":20,"column":5}},"11":{"start":{"line":19,"column":6},"end":{"line":19,"column":73}},"12":{"start":{"line":21,"column":4},"end":{"line":21,"column":19}},"13":{"start":{"line":23,"column":4},"end":{"line":23,"column":78}},"14":{"start":{"line":24,"column":4},"end":{"line":24,"column":56}},"15":{"start":{"line":29,"column":19},"end":{"line":40,"column":1}},"16":{"start":{"line":30,"column":2},"end":{"line":39,"column":3}},"17":{"start":{"line":31,"column":17},"end":{"line":31,"column":105}},"18":{"start":{"line":32,"column":4},"end":{"line":34,"column":5}},"19":{"start":{"line":33,"column":6},"end":{"line":33,"column":73}},"20":{"start":{"line":35,"column":4},"end":{"line":35,"column":19}},"21":{"start":{"line":37,"column":4},"end":{"line":37,"column":77}},"22":{"start":{"line":38,"column":4},"end":{"line":38,"column":56}},"23":{"start":{"line":43,"column":19},"end":{"line":54,"column":1}},"24":{"start":{"line":44,"column":2},"end":{"line":53,"column":3}},"25":{"start":{"line":45,"column":17},"end":{"line":45,"column":60}},"26":{"start":{"line":46,"column":4},"end":{"line":48,"column":5}},"27":{"start":{"line":47,"column":6},"end":{"line":47,"column":73}},"28":{"start":{"line":49,"column":4},"end":{"line":49,"column":62}},"29":{"start":{"line":51,"column":4},"end":{"line":51,"column":77}},"30":{"start":{"line":52,"column":4},"end":{"line":52,"column":56}},"31":{"start":{"line":56,"column":0},"end":{"line":61,"column":2}}},"fnMap":{"0":{"name":"(anonymous_0)","decl":{"start":{"line":4,"column":20},"end":{"line":4,"column":21}},"loc":{"start":{"line":4,"column":40},"end":{"line":12,"column":1}},"line":4},"1":{"name":"(anonymous_1)","decl":{"start":{"line":15,"column":16},"end":{"line":15,"column":17}},"loc":{"start":{"line":15,"column":36},"end":{"line":26,"column":1}},"line":15},"2":{"name":"(anonymous_2)","decl":{"start":{"line":29,"column":19},"end":{"line":29,"column":20}},"loc":{"start":{"line":29,"column":39},"end":{"line":40,"column":1}},"line":29},"3":{"name":"(anonymous_3)","decl":{"start":{"line":43,"column":19},"end":{"line":43,"column":20}},"loc":{"start":{"line":43,"column":39},"end":{"line":54,"column":1}},"line":43}},"branchMap":{"0":{"loc":{"start":{"line":18,"column":4},"end":{"line":20,"column":5}},"type":"if","locations":[{"start":{"line":18,"column":4},"end":{"line":20,"column":5}},{"start":{},"end":{}}],"line":18},"1":{"loc":{"start":{"line":32,"column":4},"end":{"line":34,"column":5}},"type":"if","locations":[{"start":{"line":32,"column":4},"end":{"line":34,"column":5}},{"start":{},"end":{}}],"line":32},"2":{"loc":{"start":{"line":46,"column":4},"end":{"line":48,"column":5}},"type":"if","locations":[{"start":{"line":46,"column":4},"end":{"line":48,"column":5}},{"start":{},"end":{}}],"line":46}},"s":{"0":1,"1":1,"2":0,"3":0,"4":0,"5":0,"6":0,"7":1,"8":0,"9":0,"10":0,"11":0,"12":0,"13":0,"14":0,"15":1,"16":0,"17":0,"18":0,"19":0,"20":0,"21":0,"22":0,"23":1,"24":0,"25":0,"26":0,"27":0,"28":0,"29":0,"30":0,"31":1},"f":{"0":0,"1":0,"2":0,"3":0},"b":{"0":[0,0],"1":[0,0],"2":[0,0]},"_coverageSchema":"1a1c01bbd47fc00a2c39e90264f33305004495a9","hash":"7df906762f005f2b9fc86af2a2f1fba439d39244"}
,"C:\\Users\\batio\\OneDrive\\Documents\\GitHub\\Delivery_Driver_tracking\\backend\\controllers\\authController.js": {"path":"C:\\Users\\batio\\OneDrive\\Documents\\GitHub\\Delivery_Driver_tracking\\backend\\controllers\\authController.js","statementMap":{"0":{"start":{"line":1,"column":13},"end":{"line":1,"column":38}},"1":{"start":{"line":2,"column":12},"end":{"line":2,"column":35}},"2":{"start":{"line":5,"column":22},"end":{"line":7,"column":1}},"3":{"start":{"line":6,"column":2},"end":{"line":6,"column":72}},"4":{"start":{"line":9,"column":17},"end":{"line":40,"column":1}},"5":{"start":{"line":10,"column":2},"end":{"line":39,"column":3}},"6":{"start":{"line":11,"column":38},"end":{"line":11,"column":46}},"7":{"start":{"line":12,"column":25},"end":{"line":12,"column":54}},"8":{"start":{"line":13,"column":4},"end":{"line":15,"column":5}},"9":{"start":{"line":14,"column":6},"end":{"line":14,"column":89}},"10":{"start":{"line":16,"column":17},"end":{"line":21,"column":6}},"11":{"start":{"line":22,"column":18},"end":{"line":22,"column":41}},"12":{"start":{"line":23,"column":4},"end":{"line":32,"column":7}},"13":{"start":{"line":35,"column":4},"end":{"line":38,"column":7}},"14":{"start":{"line":42,"column":14},"end":{"line":86,"column":1}},"15":{"start":{"line":43,"column":2},"end":{"line":85,"column":3}},"16":{"start":{"line":44,"column":32},"end":{"line":44,"column":40}},"17":{"start":{"line":45,"column":4},"end":{"line":45,"column":59}},"18":{"start":{"line":47,"column":4},"end":{"line":50,"column":5}},"19":{"start":{"line":48,"column":6},"end":{"line":48,"column":52}},"20":{"start":{"line":49,"column":6},"end":{"line":49,"column":79}},"21":{"start":{"line":53,"column":17},"end":{"line":53,"column":94}},"22":{"start":{"line":54,"column":4},"end":{"line":54,"column":61}},"23":{"start":{"line":56,"column":4},"end":{"line":59,"column":5}},"24":{"start":{"line":57,"column":6},"end":{"line":57,"column":61}},"25":{"start":{"line":58,"column":6},"end":{"line":58,"column":82}},"26":{"start":{"line":61,"column":4},"end":{"line":61,"column":51}},"27":{"start":{"line":62,"column":28},"end":{"line":62,"column":64}},"28":{"start":{"line":63,"column":4},"end":{"line":63,"column":57}},"29":{"start":{"line":65,"column":4},"end":{"line":68,"column":5}},"30":{"start":{"line":66,"column":6},"end":{"line":66,"column":44}},"31":{"start":{"line":67,"column":6},"end":{"line":67,"column":82}},"32":{"start":{"line":69,"column":18},"end":{"line":69,"column":41}},"33":{"start":{"line":70,"column":4},"end":{"line":79,"column":7}},"34":{"start":{"line":81,"column":4},"end":{"line":84,"column":7}},"35":{"start":{"line":88,"column":19},"end":{"line":98,"column":1}},"36":{"start":{"line":89,"column":2},"end":{"line":97,"column":3}},"37":{"start":{"line":90,"column":17},"end":{"line":90,"column":69}},"38":{"start":{"line":91,"column":4},"end":{"line":91,"column":23}},"39":{"start":{"line":93,"column":4},"end":{"line":96,"column":7}},"40":{"start":{"line":100,"column":0},"end":{"line":100,"column":49}}},"fnMap":{"0":{"name":"(anonymous_0)","decl":{"start":{"line":5,"column":22},"end":{"line":5,"column":23}},"loc":{"start":{"line":5,"column":30},"end":{"line":7,"column":1}},"line":5},"1":{"name":"(anonymous_1)","decl":{"start":{"line":9,"column":17},"end":{"line":9,"column":18}},"loc":{"start":{"line":9,"column":37},"end":{"line":40,"column":1}},"line":9},"2":{"name":"(anonymous_2)","decl":{"start":{"line":42,"column":14},"end":{"line":42,"column":15}},"loc":{"start":{"line":42,"column":34},"end":{"line":86,"column":1}},"line":42},"3":{"name":"(anonymous_3)","decl":{"start":{"line":88,"column":19},"end":{"line":88,"column":20}},"loc":{"start":{"line":88,"column":39},"end":{"line":98,"column":1}},"line":88}},"branchMap":{"0":{"loc":{"start":{"line":13,"column":4},"end":{"line":15,"column":5}},"type":"if","locations":[{"start":{"line":13,"column":4},"end":{"line":15,"column":5}},{"start":{},"end":{}}],"line":13},"1":{"loc":{"start":{"line":47,"column":4},"end":{"line":50,"column":5}},"type":"if","locations":[{"start":{"line":47,"column":4},"end":{"line":50,"column":5}},{"start":{},"end":{}}],"line":47},"2":{"loc":{"start":{"line":47,"column":8},"end":{"line":47,"column":27}},"type":"binary-expr","locations":[{"start":{"line":47,"column":8},"end":{"line":47,"column":14}},{"start":{"line":47,"column":18},"end":{"line":47,"column":27}}],"line":47},"3":{"loc":{"start":{"line":54,"column":39},"end":{"line":54,"column":59}},"type":"cond-expr","locations":[{"start":{"line":54,"column":46},"end":{"line":54,"column":51}},{"start":{"line":54,"column":54},"end":{"line":54,"column":59}}],"line":54},"4":{"loc":{"start":{"line":56,"column":4},"end":{"line":59,"column":5}},"type":"if","locations":[{"start":{"line":56,"column":4},"end":{"line":59,"column":5}},{"start":{},"end":{}}],"line":56},"5":{"loc":{"start":{"line":65,"column":4},"end":{"line":68,"column":5}},"type":"if","locations":[{"start":{"line":65,"column":4},"end":{"line":68,"column":5}},{"start":{},"end":{}}],"line":65}},"s":{"0":1,"1":1,"2":1,"3":3,"4":1,"5":3,"6":3,"7":3,"8":3,"9":1,"10":2,"11":1,"12":1,"13":1,"14":1,"15":3,"16":3,"17":3,"18":3,"19":0,"20":0,"21":3,"22":3,"23":3,"24":0,"25":0,"26":3,"27":3,"28":3,"29":3,"30":1,"31":1,"32":2,"33":2,"34":0,"35":1,"36":0,"37":0,"38":0,"39":0,"40":1},"f":{"0":3,"1":3,"2":3,"3":0},"b":{"0":[1,2],"1":[0,3],"2":[3,3],"3":[3,0],"4":[0,3],"5":[1,2]},"_coverageSchema":"1a1c01bbd47fc00a2c39e90264f33305004495a9","hash":"6838478007546a9e3d750553a57a47e30eb85e22"}
,"C:\\Users\\batio\\OneDrive\\Documents\\GitHub\\Delivery_Driver_tracking\\backend\\controllers\\deliveryController.js": {"path":"C:\\Users\\batio\\OneDrive\\Documents\\GitHub\\Delivery_Driver_tracking\\backend\\controllers\\deliveryController.js","statementMap":{"0":{"start":{"line":1,"column":17},"end":{"line":1,"column":46}},"1":{"start":{"line":2,"column":29},"end":{"line":2,"column":57}},"2":{"start":{"line":5,"column":0},"end":{"line":22,"column":2}},"3":{"start":{"line":6,"column":2},"end":{"line":21,"column":3}},"4":{"start":{"line":7,"column":57},"end":{"line":7,"column":65}},"5":{"start":{"line":9,"column":21},"end":{"line":15,"column":6}},"6":{"start":{"line":17,"column":4},"end":{"line":17,"column":26}},"7":{"start":{"line":18,"column":4},"end":{"line":18,"column":35}},"8":{"start":{"line":20,"column":4},"end":{"line":20,"column":106}},"9":{"start":{"line":25,"column":0},"end":{"line":40,"column":2}},"10":{"start":{"line":26,"column":2},"end":{"line":39,"column":3}},"11":{"start":{"line":27,"column":31},"end":{"line":27,"column":40}},"12":{"start":{"line":28,"column":19},"end":{"line":28,"column":21}},"13":{"start":{"line":30,"column":4},"end":{"line":30,"column":39}},"14":{"start":{"line":30,"column":16},"end":{"line":30,"column":39}},"15":{"start":{"line":31,"column":4},"end":{"line":31,"column":41}},"16":{"start":{"line":31,"column":16},"end":{"line":31,"column":41}},"17":{"start":{"line":33,"column":23},"end":{"line":34,"column":30}},"18":{"start":{"line":36,"column":4},"end":{"line":36,"column":25}},"19":{"start":{"line":38,"column":4},"end":{"line":38,"column":78}},"20":{"start":{"line":43,"column":0},"end":{"line":53,"column":2}},"21":{"start":{"line":44,"column":2},"end":{"line":52,"column":3}},"22":{"start":{"line":45,"column":21},"end":{"line":45,"column":59}},"23":{"start":{"line":46,"column":4},"end":{"line":48,"column":5}},"24":{"start":{"line":47,"column":6},"end":{"line":47,"column":72}},"25":{"start":{"line":49,"column":4},"end":{"line":49,"column":23}},"26":{"start":{"line":51,"column":4},"end":{"line":51,"column":78}},"27":{"start":{"line":56,"column":0},"end":{"line":84,"column":2}},"28":{"start":{"line":57,"column":17},"end":{"line":57,"column":27}},"29":{"start":{"line":58,"column":21},"end":{"line":58,"column":29}},"30":{"start":{"line":60,"column":2},"end":{"line":83,"column":3}},"31":{"start":{"line":61,"column":26},"end":{"line":61,"column":74}},"32":{"start":{"line":62,"column":4},"end":{"line":64,"column":5}},"33":{"start":{"line":63,"column":6},"end":{"line":63,"column":67}},"34":{"start":{"line":66,"column":21},"end":{"line":74,"column":5}},"35":{"start":{"line":76,"column":4},"end":{"line":78,"column":5}},"36":{"start":{"line":77,"column":6},"end":{"line":77,"column":73}},"37":{"start":{"line":80,"column":4},"end":{"line":80,"column":23}},"38":{"start":{"line":82,"column":4},"end":{"line":82,"column":78}},"39":{"start":{"line":87,"column":0},"end":{"line":109,"column":2}},"40":{"start":{"line":88,"column":2},"end":{"line":108,"column":3}},"41":{"start":{"line":89,"column":25},"end":{"line":89,"column":33}},"42":{"start":{"line":91,"column":21},"end":{"line":99,"column":5}},"43":{"start":{"line":101,"column":4},"end":{"line":103,"column":5}},"44":{"start":{"line":102,"column":6},"end":{"line":102,"column":72}},"45":{"start":{"line":105,"column":4},"end":{"line":105,"column":23}},"46":{"start":{"line":107,"column":4},"end":{"line":107,"column":78}},"47":{"start":{"line":112,"column":0},"end":{"line":124,"column":2}},"48":{"start":{"line":113,"column":2},"end":{"line":123,"column":3}},"49":{"start":{"line":114,"column":21},"end":{"line":114,"column":68}},"50":{"start":{"line":116,"column":4},"end":{"line":118,"column":5}},"51":{"start":{"line":117,"column":6},"end":{"line":117,"column":72}},"52":{"start":{"line":120,"column":4},"end":{"line":120,"column":61}},"53":{"start":{"line":122,"column":4},"end":{"line":122,"column":78}}},"fnMap":{"0":{"name":"(anonymous_0)","decl":{"start":{"line":5,"column":25},"end":{"line":5,"column":26}},"loc":{"start":{"line":5,"column":45},"end":{"line":22,"column":1}},"line":5},"1":{"name":"(anonymous_1)","decl":{"start":{"line":25,"column":27},"end":{"line":25,"column":28}},"loc":{"start":{"line":25,"column":47},"end":{"line":40,"column":1}},"line":25},"2":{"name":"(anonymous_2)","decl":{"start":{"line":43,"column":26},"end":{"line":43,"column":27}},"loc":{"start":{"line":43,"column":46},"end":{"line":53,"column":1}},"line":43},"3":{"name":"(anonymous_3)","decl":{"start":{"line":56,"column":23},"end":{"line":56,"column":24}},"loc":{"start":{"line":56,"column":43},"end":{"line":84,"column":1}},"line":56},"4":{"name":"(anonymous_4)","decl":{"start":{"line":87,"column":23},"end":{"line":87,"column":24}},"loc":{"start":{"line":87,"column":43},"end":{"line":109,"column":1}},"line":87},"5":{"name":"(anonymous_5)","decl":{"start":{"line":112,"column":25},"end":{"line":112,"column":26}},"loc":{"start":{"line":112,"column":45},"end":{"line":124,"column":1}},"line":112}},"branchMap":{"0":{"loc":{"start":{"line":13,"column":16},"end":{"line":13,"column":32}},"type":"binary-expr","locations":[{"start":{"line":13,"column":16},"end":{"line":13,"column":24}},{"start":{"line":13,"column":28},"end":{"line":13,"column":32}}],"line":13},"1":{"loc":{"start":{"line":14,"column":14},"end":{"line":14,"column":47}},"type":"cond-expr","locations":[{"start":{"line":14,"column":25},"end":{"line":14,"column":35}},{"start":{"line":14,"column":38},"end":{"line":14,"column":47}}],"line":14},"2":{"loc":{"start":{"line":30,"column":4},"end":{"line":30,"column":39}},"type":"if","locations":[{"start":{"line":30,"column":4},"end":{"line":30,"column":39}},{"start":{},"end":{}}],"line":30},"3":{"loc":{"start":{"line":31,"column":4},"end":{"line":31,"column":41}},"type":"if","locations":[{"start":{"line":31,"column":4},"end":{"line":31,"column":41}},{"start":{},"end":{}}],"line":31},"4":{"loc":{"start":{"line":46,"column":4},"end":{"line":48,"column":5}},"type":"if","locations":[{"start":{"line":46,"column":4},"end":{"line":48,"column":5}},{"start":{},"end":{}}],"line":46},"5":{"loc":{"start":{"line":62,"column":4},"end":{"line":64,"column":5}},"type":"if","locations":[{"start":{"line":62,"column":4},"end":{"line":64,"column":5}},{"start":{},"end":{}}],"line":62},"6":{"loc":{"start":{"line":70,"column":12},"end":{"line":70,"column":63}},"type":"binary-expr","locations":[{"start":{"line":70,"column":12},"end":{"line":70,"column":35}},{"start":{"line":70,"column":39},"end":{"line":70,"column":63}}],"line":70},"7":{"loc":{"start":{"line":71,"column":12},"end":{"line":71,"column":65}},"type":"binary-expr","locations":[{"start":{"line":71,"column":12},"end":{"line":71,"column":34}},{"start":{"line":71,"column":38},"end":{"line":71,"column":65}}],"line":71},"8":{"loc":{"start":{"line":76,"column":4},"end":{"line":78,"column":5}},"type":"if","locations":[{"start":{"line":76,"column":4},"end":{"line":78,"column":5}},{"start":{},"end":{}}],"line":76},"9":{"loc":{"start":{"line":101,"column":4},"end":{"line":103,"column":5}},"type":"if","locations":[{"start":{"line":101,"column":4},"end":{"line":103,"column":5}},{"start":{},"end":{}}],"line":101},"10":{"loc":{"start":{"line":116,"column":4},"end":{"line":118,"column":5}},"type":"if","locations":[{"start":{"line":116,"column":4},"end":{"line":118,"column":5}},{"start":{},"end":{}}],"line":116}},"s":{"0":0,"1":0,"2":0,"3":0,"4":0,"5":0,"6":0,"7":0,"8":0,"9":0,"10":0,"11":0,"12":0,"13":0,"14":0,"15":0,"16":0,"17":0,"18":0,"19":0,"20":0,"21":0,"22":0,"23":0,"24":0,"25":0,"26":0,"27":0,"28":0,"29":0,"30":0,"31":0,"32":0,"33":0,"34":0,"35":0,"36":0,"37":0,"38":0,"39":0,"40":0,"41":0,"42":0,"43":0,"44":0,"45":0,"46":0,"47":0,"48":0,"49":0,"50":0,"51":0,"52":0,"53":0},"f":{"0":0,"1":0,"2":0,"3":0,"4":0,"5":0},"b":{"0":[0,0],"1":[0,0],"2":[0,0],"3":[0,0],"4":[0,0],"5":[0,0],"6":[0,0],"7":[0,0],"8":[0,0],"9":[0,0],"10":[0,0]}}
,"C:\\Users\\batio\\OneDrive\\Documents\\GitHub\\Delivery_Driver_tracking\\backend\\controllers\\locationController.js": {"path":"C:\\Users\\batio\\OneDrive\\Documents\\GitHub\\Delivery_Driver_tracking\\backend\\controllers\\locationController.js","statementMap":{"0":{"start":{"line":1,"column":23},"end":{"line":1,"column":58}},"1":{"start":{"line":2,"column":13},"end":{"line":2,"column":38}},"2":{"start":{"line":3,"column":17},"end":{"line":3,"column":46}},"3":{"start":{"line":6,"column":0},"end":{"line":76,"column":2}},"4":{"start":{"line":7,"column":2},"end":{"line":75,"column":3}},"5":{"start":{"line":8,"column":90},"end":{"line":8,"column":98}},"6":{"start":{"line":9,"column":21},"end":{"line":9,"column":32}},"7":{"start":{"line":12,"column":4},"end":{"line":14,"column":5}},"8":{"start":{"line":13,"column":6},"end":{"line":13,"column":76}},"9":{"start":{"line":16,"column":34},"end":{"line":16,"column":45}},"10":{"start":{"line":19,"column":4},"end":{"line":23,"column":5}},"11":{"start":{"line":22,"column":6},"end":{"line":22,"column":76}},"12":{"start":{"line":26,"column":4},"end":{"line":33,"column":7}},"13":{"start":{"line":36,"column":27},"end":{"line":49,"column":6}},"14":{"start":{"line":52,"column":27},"end":{"line":55,"column":30}},"15":{"start":{"line":57,"column":4},"end":{"line":59,"column":5}},"16":{"start":{"line":58,"column":6},"end":{"line":58,"column":53}},"17":{"start":{"line":61,"column":4},"end":{"line":61,"column":32}},"18":{"start":{"line":63,"column":4},"end":{"line":70,"column":7}},"19":{"start":{"line":73,"column":4},"end":{"line":73,"column":74}},"20":{"start":{"line":74,"column":4},"end":{"line":74,"column":94}},"21":{"start":{"line":79,"column":0},"end":{"line":108,"column":2}},"22":{"start":{"line":80,"column":2},"end":{"line":107,"column":3}},"23":{"start":{"line":81,"column":25},"end":{"line":81,"column":35}},"24":{"start":{"line":83,"column":19},"end":{"line":85,"column":13}},"25":{"start":{"line":87,"column":4},"end":{"line":89,"column":5}},"26":{"start":{"line":88,"column":6},"end":{"line":88,"column":71}},"27":{"start":{"line":91,"column":4},"end":{"line":93,"column":5}},"28":{"start":{"line":92,"column":6},"end":{"line":92,"column":95}},"29":{"start":{"line":95,"column":4},"end":{"line":102,"column":7}},"30":{"start":{"line":105,"column":4},"end":{"line":105,"column":75}},"31":{"start":{"line":106,"column":4},"end":{"line":106,"column":56}},"32":{"start":{"line":111,"column":0},"end":{"line":149,"column":2}},"33":{"start":{"line":112,"column":2},"end":{"line":148,"column":3}},"34":{"start":{"line":113,"column":25},"end":{"line":113,"column":35}},"35":{"start":{"line":114,"column":48},"end":{"line":114,"column":57}},"36":{"start":{"line":116,"column":18},"end":{"line":116,"column":30}},"37":{"start":{"line":119,"column":4},"end":{"line":123,"column":5}},"38":{"start":{"line":120,"column":6},"end":{"line":120,"column":27}},"39":{"start":{"line":121,"column":6},"end":{"line":121,"column":64}},"40":{"start":{"line":121,"column":21},"end":{"line":121,"column":64}},"41":{"start":{"line":122,"column":6},"end":{"line":122,"column":60}},"42":{"start":{"line":122,"column":19},"end":{"line":122,"column":60}},"43":{"start":{"line":125,"column":20},"end":{"line":129,"column":13}},"44":{"start":{"line":132,"column":20},"end":{"line":141,"column":5}},"45":{"start":{"line":134,"column":39},"end":{"line":140,"column":7}},"46":{"start":{"line":143,"column":4},"end":{"line":143,"column":34}},"47":{"start":{"line":146,"column":4},"end":{"line":146,"column":77}},"48":{"start":{"line":147,"column":4},"end":{"line":147,"column":56}},"49":{"start":{"line":152,"column":0},"end":{"line":218,"column":2}},"50":{"start":{"line":153,"column":2},"end":{"line":217,"column":3}},"51":{"start":{"line":154,"column":56},"end":{"line":154,"column":65}},"52":{"start":{"line":156,"column":4},"end":{"line":158,"column":5}},"53":{"start":{"line":157,"column":6},"end":{"line":157,"column":80}},"54":{"start":{"line":160,"column":18},"end":{"line":163,"column":5}},"55":{"start":{"line":165,"column":26},"end":{"line":192,"column":6}},"56":{"start":{"line":194,"column":4},"end":{"line":212,"column":7}},"57":{"start":{"line":196,"column":45},"end":{"line":211,"column":7}},"58":{"start":{"line":215,"column":4},"end":{"line":215,"column":83}},"59":{"start":{"line":216,"column":4},"end":{"line":216,"column":56}},"60":{"start":{"line":221,"column":0},"end":{"line":261,"column":2}},"61":{"start":{"line":222,"column":2},"end":{"line":260,"column":3}},"62":{"start":{"line":223,"column":36},"end":{"line":223,"column":45}},"63":{"start":{"line":229,"column":4},"end":{"line":231,"column":5}},"64":{"start":{"line":230,"column":6},"end":{"line":230,"column":97}},"65":{"start":{"line":233,"column":35},"end":{"line":233,"column":64}},"66":{"start":{"line":234,"column":31},"end":{"line":234,"column":65}},"67":{"start":{"line":237,"column":4},"end":{"line":239,"column":5}},"68":{"start":{"line":238,"column":6},"end":{"line":238,"column":72}},"69":{"start":{"line":243,"column":18},"end":{"line":253,"column":5}},"70":{"start":{"line":255,"column":4},"end":{"line":255,"column":32}},"71":{"start":{"line":258,"column":4},"end":{"line":258,"column":68}},"72":{"start":{"line":259,"column":4},"end":{"line":259,"column":56}}},"fnMap":{"0":{"name":"(anonymous_0)","decl":{"start":{"line":6,"column":25},"end":{"line":6,"column":26}},"loc":{"start":{"line":6,"column":45},"end":{"line":76,"column":1}},"line":6},"1":{"name":"(anonymous_1)","decl":{"start":{"line":79,"column":28},"end":{"line":79,"column":29}},"loc":{"start":{"line":79,"column":48},"end":{"line":108,"column":1}},"line":79},"2":{"name":"(anonymous_2)","decl":{"start":{"line":111,"column":29},"end":{"line":111,"column":30}},"loc":{"start":{"line":111,"column":49},"end":{"line":149,"column":1}},"line":111},"3":{"name":"(anonymous_3)","decl":{"start":{"line":134,"column":28},"end":{"line":134,"column":29}},"loc":{"start":{"line":134,"column":39},"end":{"line":140,"column":7}},"line":134},"4":{"name":"(anonymous_4)","decl":{"start":{"line":152,"column":28},"end":{"line":152,"column":29}},"loc":{"start":{"line":152,"column":48},"end":{"line":218,"column":1}},"line":152},"5":{"name":"(anonymous_5)","decl":{"start":{"line":196,"column":34},"end":{"line":196,"column":35}},"loc":{"start":{"line":196,"column":45},"end":{"line":211,"column":7}},"line":196},"6":{"name":"(anonymous_6)","decl":{"start":{"line":221,"column":25},"end":{"line":221,"column":26}},"loc":{"start":{"line":221,"column":45},"end":{"line":261,"column":1}},"line":221}},"branchMap":{"0":{"loc":{"start":{"line":12,"column":4},"end":{"line":14,"column":5}},"type":"if","locations":[{"start":{"line":12,"column":4},"end":{"line":14,"column":5}},{"start":{},"end":{}}],"line":12},"1":{"loc":{"start":{"line":12,"column":8},"end":{"line":12,"column":79}},"type":"binary-expr","locations":[{"start":{"line":12,"column":8},"end":{"line":12,"column":20}},{"start":{"line":12,"column":24},"end":{"line":12,"column":51}},{"start":{"line":12,"column":55},"end":{"line":12,"column":79}}],"line":12},"2":{"loc":{"start":{"line":19,"column":4},"end":{"line":23,"column":5}},"type":"if","locations":[{"start":{"line":19,"column":4},"end":{"line":23,"column":5}},{"start":{},"end":{}}],"line":19},"3":{"loc":{"start":{"line":19,"column":8},"end":{"line":21,"column":39}},"type":"binary-expr","locations":[{"start":{"line":19,"column":8},"end":{"line":19,"column":24}},{"start":{"line":19,"column":28},"end":{"line":19,"column":43}},{"start":{"line":20,"column":8},"end":{"line":20,"column":24}},{"start":{"line":20,"column":28},"end":{"line":20,"column":43}},{"start":{"line":21,"column":8},"end":{"line":21,"column":22}},{"start":{"line":21,"column":26},"end":{"line":21,"column":39}}],"line":19},"4":{"loc":{"start":{"line":57,"column":4},"end":{"line":59,"column":5}},"type":"if","locations":[{"start":{"line":57,"column":4},"end":{"line":59,"column":5}},{"start":{},"end":{}}],"line":57},"5":{"loc":{"start":{"line":87,"column":4},"end":{"line":89,"column":5}},"type":"if","locations":[{"start":{"line":87,"column":4},"end":{"line":89,"column":5}},{"start":{},"end":{}}],"line":87},"6":{"loc":{"start":{"line":91,"column":4},"end":{"line":93,"column":5}},"type":"if","locations":[{"start":{"line":91,"column":4},"end":{"line":93,"column":5}},{"start":{},"end":{}}],"line":91},"7":{"loc":{"start":{"line":114,"column":32},"end":{"line":114,"column":43}},"type":"default-arg","locations":[{"start":{"line":114,"column":40},"end":{"line":114,"column":43}}],"line":114},"8":{"loc":{"start":{"line":119,"column":4},"end":{"line":123,"column":5}},"type":"if","locations":[{"start":{"line":119,"column":4},"end":{"line":123,"column":5}},{"start":{},"end":{}}],"line":119},"9":{"loc":{"start":{"line":119,"column":8},"end":{"line":119,"column":28}},"type":"binary-expr","locations":[{"start":{"line":119,"column":8},"end":{"line":119,"column":17}},{"start":{"line":119,"column":21},"end":{"line":119,"column":28}}],"line":119},"10":{"loc":{"start":{"line":121,"column":6},"end":{"line":121,"column":64}},"type":"if","locations":[{"start":{"line":121,"column":6},"end":{"line":121,"column":64}},{"start":{},"end":{}}],"line":121},"11":{"loc":{"start":{"line":122,"column":6},"end":{"line":122,"column":60}},"type":"if","locations":[{"start":{"line":122,"column":6},"end":{"line":122,"column":60}},{"start":{},"end":{}}],"line":122},"12":{"loc":{"start":{"line":154,"column":33},"end":{"line":154,"column":51}},"type":"default-arg","locations":[{"start":{"line":154,"column":47},"end":{"line":154,"column":51}}],"line":154},"13":{"loc":{"start":{"line":156,"column":4},"end":{"line":158,"column":5}},"type":"if","locations":[{"start":{"line":156,"column":4},"end":{"line":158,"column":5}},{"start":{},"end":{}}],"line":156},"14":{"loc":{"start":{"line":156,"column":8},"end":{"line":156,"column":31}},"type":"binary-expr","locations":[{"start":{"line":156,"column":8},"end":{"line":156,"column":18}},{"start":{"line":156,"column":22},"end":{"line":156,"column":31}}],"line":156},"15":{"loc":{"start":{"line":229,"column":4},"end":{"line":231,"column":5}},"type":"if","locations":[{"start":{"line":229,"column":4},"end":{"line":231,"column":5}},{"start":{},"end":{}}],"line":229},"16":{"loc":{"start":{"line":229,"column":8},"end":{"line":229,"column":31}},"type":"binary-expr","locations":[{"start":{"line":229,"column":8},"end":{"line":229,"column":15}},{"start":{"line":229,"column":19},"end":{"line":229,"column":31}}],"line":229},"17":{"loc":{"start":{"line":237,"column":4},"end":{"line":239,"column":5}},"type":"if","locations":[{"start":{"line":237,"column":4},"end":{"line":239,"column":5}},{"start":{},"end":{}}],"line":237},"18":{"loc":{"start":{"line":237,"column":8},"end":{"line":237,"column":80}},"type":"binary-expr","locations":[{"start":{"line":237,"column":8},"end":{"line":237,"column":24}},{"start":{"line":237,"column":28},"end":{"line":237,"column":44}},{"start":{"line":237,"column":48},"end":{"line":237,"column":62}},{"start":{"line":237,"column":66},"end":{"line":237,"column":80}}],"line":237}},"s":{"0":0,"1":0,"2":0,"3":0,"4":0,"5":0,"6":0,"7":0,"8":0,"9":0,"10":0,"11":0,"12":0,"13":0,"14":0,"15":0,"16":0,"17":0,"18":0,"19":0,"20":0,"21":0,"22":0,"23":0,"24":0,"25":0,"26":0,"27":0,"28":0,"29":0,"30":0,"31":0,"32":0,"33":0,"34":0,"35":0,"36":0,"37":0,"38":0,"39":0,"40":0,"41":0,"42":0,"43":0,"44":0,"45":0,"46":0,"47":0,"48":0,"49":0,"50":0,"51":0,"52":0,"53":0,"54":0,"55":0,"56":0,"57":0,"58":0,"59":0,"60":0,"61":0,"62":0,"63":0,"64":0,"65":0,"66":0,"67":0,"68":0,"69":0,"70":0,"71":0,"72":0},"f":{"0":0,"1":0,"2":0,"3":0,"4":0,"5":0,"6":0},"b":{"0":[0,0],"1":[0,0,0],"2":[0,0],"3":[0,0,0,0,0,0],"4":[0,0],"5":[0,0],"6":[0,0],"7":[0],"8":[0,0],"9":[0,0],"10":[0,0],"11":[0,0],"12":[0],"13":[0,0],"14":[0,0],"15":[0,0],"16":[0,0],"17":[0,0],"18":[0,0,0,0]}}
,"C:\\Users\\batio\\OneDrive\\Documents\\GitHub\\Delivery_Driver_tracking\\backend\\middleware\\adminAuth.js": {"path":"C:\\Users\\batio\\OneDrive\\Documents\\GitHub\\Delivery_Driver_tracking\\backend\\middleware\\adminAuth.js","statementMap":{"0":{"start":{"line":1,"column":12},"end":{"line":1,"column":35}},"1":{"start":{"line":2,"column":13},"end":{"line":2,"column":38}},"2":{"start":{"line":4,"column":18},"end":{"line":33,"column":1}},"3":{"start":{"line":5,"column":2},"end":{"line":32,"column":3}},"4":{"start":{"line":7,"column":23},"end":{"line":7,"column":50}},"5":{"start":{"line":8,"column":4},"end":{"line":10,"column":5}},"6":{"start":{"line":9,"column":6},"end":{"line":9,"column":91}},"7":{"start":{"line":12,"column":18},"end":{"line":12,"column":42}},"8":{"start":{"line":15,"column":20},"end":{"line":15,"column":61}},"9":{"start":{"line":18,"column":17},"end":{"line":18,"column":68}},"10":{"start":{"line":19,"column":4},"end":{"line":21,"column":5}},"11":{"start":{"line":20,"column":6},"end":{"line":20,"column":73}},"12":{"start":{"line":23,"column":4},"end":{"line":25,"column":5}},"13":{"start":{"line":24,"column":6},"end":{"line":24,"column":85}},"14":{"start":{"line":27,"column":4},"end":{"line":27,"column":20}},"15":{"start":{"line":28,"column":4},"end":{"line":28,"column":11}},"16":{"start":{"line":30,"column":4},"end":{"line":30,"column":62}},"17":{"start":{"line":31,"column":4},"end":{"line":31,"column":66}},"18":{"start":{"line":35,"column":0},"end":{"line":35,"column":27}}},"fnMap":{"0":{"name":"(anonymous_0)","decl":{"start":{"line":4,"column":18},"end":{"line":4,"column":19}},"loc":{"start":{"line":4,"column":44},"end":{"line":33,"column":1}},"line":4}},"branchMap":{"0":{"loc":{"start":{"line":8,"column":4},"end":{"line":10,"column":5}},"type":"if","locations":[{"start":{"line":8,"column":4},"end":{"line":10,"column":5}},{"start":{},"end":{}}],"line":8},"1":{"loc":{"start":{"line":19,"column":4},"end":{"line":21,"column":5}},"type":"if","locations":[{"start":{"line":19,"column":4},"end":{"line":21,"column":5}},{"start":{},"end":{}}],"line":19},"2":{"loc":{"start":{"line":23,"column":4},"end":{"line":25,"column":5}},"type":"if","locations":[{"start":{"line":23,"column":4},"end":{"line":25,"column":5}},{"start":{},"end":{}}],"line":23}},"s":{"0":1,"1":1,"2":1,"3":0,"4":0,"5":0,"6":0,"7":0,"8":0,"9":0,"10":0,"11":0,"12":0,"13":0,"14":0,"15":0,"16":0,"17":0,"18":1},"f":{"0":0},"b":{"0":[0,0],"1":[0,0],"2":[0,0]},"_coverageSchema":"1a1c01bbd47fc00a2c39e90264f33305004495a9","hash":"8402cf270d8d0aee7b5242ea279d62fa90cc0c43"}
,"C:\\Users\\batio\\OneDrive\\Documents\\GitHub\\Delivery_Driver_tracking\\backend\\middleware\\auth.js": {"path":"C:\\Users\\batio\\OneDrive\\Documents\\GitHub\\Delivery_Driver_tracking\\backend\\middleware\\auth.js","statementMap":{"0":{"start":{"line":1,"column":12},"end":{"line":1,"column":35}},"1":{"start":{"line":2,"column":13},"end":{"line":2,"column":38}},"2":{"start":{"line":4,"column":21},"end":{"line":23,"column":1}},"3":{"start":{"line":5,"column":2},"end":{"line":22,"column":3}},"4":{"start":{"line":7,"column":4},"end":{"line":9,"column":5}},"5":{"start":{"line":8,"column":6},"end":{"line":8,"column":54}},"6":{"start":{"line":10,"column":4},"end":{"line":12,"column":5}},"7":{"start":{"line":11,"column":6},"end":{"line":11,"column":82}},"8":{"start":{"line":13,"column":20},"end":{"line":13,"column":61}},"9":{"start":{"line":14,"column":17},"end":{"line":14,"column":68}},"10":{"start":{"line":15,"column":4},"end":{"line":17,"column":5}},"11":{"start":{"line":16,"column":6},"end":{"line":16,"column":81}},"12":{"start":{"line":18,"column":4},"end":{"line":18,"column":20}},"13":{"start":{"line":19,"column":4},"end":{"line":19,"column":11}},"14":{"start":{"line":21,"column":4},"end":{"line":21,"column":56}},"15":{"start":{"line":25,"column":18},"end":{"line":34,"column":1}},"16":{"start":{"line":26,"column":2},"end":{"line":33,"column":4}},"17":{"start":{"line":27,"column":4},"end":{"line":31,"column":5}},"18":{"start":{"line":28,"column":6},"end":{"line":30,"column":9}},"19":{"start":{"line":32,"column":4},"end":{"line":32,"column":11}},"20":{"start":{"line":36,"column":0},"end":{"line":36,"column":45}}},"fnMap":{"0":{"name":"(anonymous_0)","decl":{"start":{"line":4,"column":21},"end":{"line":4,"column":22}},"loc":{"start":{"line":4,"column":47},"end":{"line":23,"column":1}},"line":4},"1":{"name":"(anonymous_1)","decl":{"start":{"line":25,"column":18},"end":{"line":25,"column":19}},"loc":{"start":{"line":25,"column":32},"end":{"line":34,"column":1}},"line":25},"2":{"name":"(anonymous_2)","decl":{"start":{"line":26,"column":9},"end":{"line":26,"column":10}},"loc":{"start":{"line":26,"column":29},"end":{"line":33,"column":3}},"line":26}},"branchMap":{"0":{"loc":{"start":{"line":7,"column":4},"end":{"line":9,"column":5}},"type":"if","locations":[{"start":{"line":7,"column":4},"end":{"line":9,"column":5}},{"start":{},"end":{}}],"line":7},"1":{"loc":{"start":{"line":7,"column":8},"end":{"line":7,"column":83}},"type":"binary-expr","locations":[{"start":{"line":7,"column":8},"end":{"line":7,"column":33}},{"start":{"line":7,"column":37},"end":{"line":7,"column":83}}],"line":7},"2":{"loc":{"start":{"line":10,"column":4},"end":{"line":12,"column":5}},"type":"if","locations":[{"start":{"line":10,"column":4},"end":{"line":12,"column":5}},{"start":{},"end":{}}],"line":10},"3":{"loc":{"start":{"line":15,"column":4},"end":{"line":17,"column":5}},"type":"if","locations":[{"start":{"line":15,"column":4},"end":{"line":17,"column":5}},{"start":{},"end":{}}],"line":15},"4":{"loc":{"start":{"line":27,"column":4},"end":{"line":31,"column":5}},"type":"if","locations":[{"start":{"line":27,"column":4},"end":{"line":31,"column":5}},{"start":{},"end":{}}],"line":27}},"s":{"0":1,"1":1,"2":1,"3":0,"4":0,"5":0,"6":0,"7":0,"8":0,"9":0,"10":0,"11":0,"12":0,"13":0,"14":0,"15":1,"16":0,"17":0,"18":0,"19":0,"20":1},"f":{"0":0,"1":0,"2":0},"b":{"0":[0,0],"1":[0,0],"2":[0,0],"3":[0,0],"4":[0,0]},"_coverageSchema":"1a1c01bbd47fc00a2c39e90264f33305004495a9","hash":"a677f7c02edf46f18b31f5d0aa1164b7358aa1e9"}
,"C:\\Users\\batio\\OneDrive\\Documents\\GitHub\\Delivery_Driver_tracking\\backend\\models\\Delivery.js": {"path":"C:\\Users\\batio\\OneDrive\\Documents\\GitHub\\Delivery_Driver_tracking\\backend\\models\\Delivery.js","statementMap":{"0":{"start":{"line":1,"column":17},"end":{"line":1,"column":36}},"1":{"start":{"line":3,"column":23},"end":{"line":59,"column":2}},"2":{"start":{"line":62,"column":0},"end":{"line":62,"column":37}},"3":{"start":{"line":63,"column":0},"end":{"line":63,"column":49}},"4":{"start":{"line":65,"column":0},"end":{"line":65,"column":60}}},"fnMap":{},"branchMap":{},"s":{"0":0,"1":0,"2":0,"3":0,"4":0},"f":{},"b":{}}
,"C:\\Users\\batio\\OneDrive\\Documents\\GitHub\\Delivery_Driver_tracking\\backend\\models\\LocationUpdate.js": {"path":"C:\\Users\\batio\\OneDrive\\Documents\\GitHub\\Delivery_Driver_tracking\\backend\\models\\LocationUpdate.js","statementMap":{"0":{"start":{"line":1,"column":17},"end":{"line":1,"column":36}},"1":{"start":{"line":2,"column":19},"end":{"line":2,"column":36}},"2":{"start":{"line":4,"column":20},"end":{"line":23,"column":2}},"3":{"start":{"line":16,"column":8},"end":{"line":18,"column":41}},"4":{"start":{"line":20,"column":24},"end":{"line":20,"column":84}},"5":{"start":{"line":25,"column":29},"end":{"line":87,"column":2}},"6":{"start":{"line":90,"column":0},"end":{"line":90,"column":59}},"7":{"start":{"line":91,"column":0},"end":{"line":91,"column":61}},"8":{"start":{"line":94,"column":0},"end":{"line":110,"column":2}},"9":{"start":{"line":95,"column":2},"end":{"line":109,"column":4}},"10":{"start":{"line":113,"column":0},"end":{"line":117,"column":2}},"11":{"start":{"line":114,"column":2},"end":{"line":116,"column":18}},"12":{"start":{"line":120,"column":0},"end":{"line":125,"column":2}},"13":{"start":{"line":121,"column":2},"end":{"line":124,"column":12}},"14":{"start":{"line":128,"column":0},"end":{"line":150,"column":3}},"15":{"start":{"line":129,"column":2},"end":{"line":149,"column":3}},"16":{"start":{"line":131,"column":18},"end":{"line":131,"column":84}},"17":{"start":{"line":134,"column":4},"end":{"line":146,"column":5}},"18":{"start":{"line":135,"column":27},"end":{"line":139,"column":22}},"19":{"start":{"line":141,"column":6},"end":{"line":145,"column":7}},"20":{"start":{"line":142,"column":8},"end":{"line":144,"column":11}},"21":{"start":{"line":143,"column":46},"end":{"line":143,"column":53}},"22":{"start":{"line":148,"column":4},"end":{"line":148,"column":78}},"23":{"start":{"line":152,"column":0},"end":{"line":152,"column":50}},"24":{"start":{"line":154,"column":0},"end":{"line":154,"column":72}}},"fnMap":{"0":{"name":"(anonymous_0)","decl":{"start":{"line":15,"column":17},"end":{"line":15,"column":18}},"loc":{"start":{"line":15,"column":29},"end":{"line":19,"column":7}},"line":15},"1":{"name":"(anonymous_1)","decl":{"start":{"line":20,"column":15},"end":{"line":20,"column":16}},"loc":{"start":{"line":20,"column":24},"end":{"line":20,"column":84}},"line":20},"2":{"name":"(anonymous_2)","decl":{"start":{"line":94,"column":41},"end":{"line":94,"column":42}},"loc":{"start":{"line":94,"column":52},"end":{"line":110,"column":1}},"line":94},"3":{"name":"(anonymous_3)","decl":{"start":{"line":113,"column":48},"end":{"line":113,"column":49}},"loc":{"start":{"line":113,"column":78},"end":{"line":117,"column":1}},"line":113},"4":{"name":"(anonymous_4)","decl":{"start":{"line":120,"column":47},"end":{"line":120,"column":48}},"loc":{"start":{"line":120,"column":68},"end":{"line":125,"column":1}},"line":120},"5":{"name":"(anonymous_5)","decl":{"start":{"line":128,"column":34},"end":{"line":128,"column":35}},"loc":{"start":{"line":128,"column":51},"end":{"line":150,"column":1}},"line":128},"6":{"name":"(anonymous_6)","decl":{"start":{"line":143,"column":39},"end":{"line":143,"column":40}},"loc":{"start":{"line":143,"column":46},"end":{"line":143,"column":53}},"line":143}},"branchMap":{"0":{"loc":{"start":{"line":16,"column":15},"end":{"line":18,"column":40}},"type":"binary-expr","locations":[{"start":{"line":16,"column":15},"end":{"line":16,"column":29}},{"start":{"line":17,"column":15},"end":{"line":17,"column":27}},{"start":{"line":17,"column":31},"end":{"line":17,"column":42}},{"start":{"line":18,"column":15},"end":{"line":18,"column":26}},{"start":{"line":18,"column":30},"end":{"line":18,"column":40}}],"line":16},"1":{"loc":{"start":{"line":113,"column":67},"end":{"line":113,"column":76}},"type":"default-arg","locations":[{"start":{"line":113,"column":75},"end":{"line":113,"column":76}}],"line":113},"2":{"loc":{"start":{"line":134,"column":4},"end":{"line":146,"column":5}},"type":"if","locations":[{"start":{"line":134,"column":4},"end":{"line":146,"column":5}},{"start":{},"end":{}}],"line":134},"3":{"loc":{"start":{"line":141,"column":6},"end":{"line":145,"column":7}},"type":"if","locations":[{"start":{"line":141,"column":6},"end":{"line":145,"column":7}},{"start":{},"end":{}}],"line":141}},"s":{"0":0,"1":0,"2":0,"3":0,"4":0,"5":0,"6":0,"7":0,"8":0,"9":0,"10":0,"11":0,"12":0,"13":0,"14":0,"15":0,"16":0,"17":0,"18":0,"19":0,"20":0,"21":0,"22":0,"23":0,"24":0},"f":{"0":0,"1":0,"2":0,"3":0,"4":0,"5":0,"6":0},"b":{"0":[0,0,0,0,0],"1":[0],"2":[0,0],"3":[0,0]}}
,"C:\\Users\\batio\\OneDrive\\Documents\\GitHub\\Delivery_Driver_tracking\\backend\\models\\User.js": {"path":"C:\\Users\\batio\\OneDrive\\Documents\\GitHub\\Delivery_Driver_tracking\\backend\\models\\User.js","statementMap":{"0":{"start":{"line":1,"column":17},"end":{"line":1,"column":36}},"1":{"start":{"line":2,"column":15},"end":{"line":2,"column":34}},"2":{"start":{"line":4,"column":23},"end":{"line":23,"column":2}},"3":{"start":{"line":16,"column":8},"end":{"line":18,"column":41}},"4":{"start":{"line":20,"column":24},"end":{"line":20,"column":84}},"5":{"start":{"line":25,"column":19},"end":{"line":89,"column":2}},"6":{"start":{"line":92,"column":0},"end":{"line":92,"column":43}},"7":{"start":{"line":95,"column":0},"end":{"line":104,"column":3}},"8":{"start":{"line":96,"column":2},"end":{"line":96,"column":50}},"9":{"start":{"line":96,"column":36},"end":{"line":96,"column":50}},"10":{"start":{"line":97,"column":2},"end":{"line":103,"column":3}},"11":{"start":{"line":98,"column":17},"end":{"line":98,"column":41}},"12":{"start":{"line":99,"column":4},"end":{"line":99,"column":59}},"13":{"start":{"line":100,"column":4},"end":{"line":100,"column":11}},"14":{"start":{"line":102,"column":4},"end":{"line":102,"column":16}},"15":{"start":{"line":107,"column":0},"end":{"line":109,"column":2}},"16":{"start":{"line":108,"column":2},"end":{"line":108,"column":64}},"17":{"start":{"line":112,"column":0},"end":{"line":119,"column":2}},"18":{"start":{"line":113,"column":2},"end":{"line":116,"column":4}},"19":{"start":{"line":117,"column":2},"end":{"line":117,"column":39}},"20":{"start":{"line":118,"column":2},"end":{"line":118,"column":21}},"21":{"start":{"line":122,"column":0},"end":{"line":137,"column":2}},"22":{"start":{"line":123,"column":2},"end":{"line":123,"column":34}},"23":{"start":{"line":123,"column":22},"end":{"line":123,"column":34}},"24":{"start":{"line":125,"column":12},"end":{"line":125,"column":18}},"25":{"start":{"line":126,"column":13},"end":{"line":126,"column":55}},"26":{"start":{"line":127,"column":13},"end":{"line":127,"column":41}},"27":{"start":{"line":128,"column":13},"end":{"line":128,"column":74}},"28":{"start":{"line":129,"column":13},"end":{"line":129,"column":74}},"29":{"start":{"line":131,"column":12},"end":{"line":133,"column":43}},"30":{"start":{"line":134,"column":12},"end":{"line":134,"column":56}},"31":{"start":{"line":136,"column":2},"end":{"line":136,"column":15}},"32":{"start":{"line":140,"column":0},"end":{"line":152,"column":2}},"33":{"start":{"line":141,"column":2},"end":{"line":151,"column":4}},"34":{"start":{"line":154,"column":0},"end":{"line":154,"column":40}},"35":{"start":{"line":156,"column":0},"end":{"line":156,"column":52}}},"fnMap":{"0":{"name":"(anonymous_0)","decl":{"start":{"line":15,"column":17},"end":{"line":15,"column":18}},"loc":{"start":{"line":15,"column":29},"end":{"line":19,"column":7}},"line":15},"1":{"name":"(anonymous_1)","decl":{"start":{"line":20,"column":15},"end":{"line":20,"column":16}},"loc":{"start":{"line":20,"column":24},"end":{"line":20,"column":84}},"line":20},"2":{"name":"(anonymous_2)","decl":{"start":{"line":95,"column":23},"end":{"line":95,"column":24}},"loc":{"start":{"line":95,"column":45},"end":{"line":104,"column":1}},"line":95},"3":{"name":"(anonymous_3)","decl":{"start":{"line":107,"column":37},"end":{"line":107,"column":38}},"loc":{"start":{"line":107,"column":71},"end":{"line":109,"column":1}},"line":107},"4":{"name":"(anonymous_4)","decl":{"start":{"line":112,"column":36},"end":{"line":112,"column":37}},"loc":{"start":{"line":112,"column":64},"end":{"line":119,"column":1}},"line":112},"5":{"name":"(anonymous_5)","decl":{"start":{"line":122,"column":39},"end":{"line":122,"column":40}},"loc":{"start":{"line":122,"column":61},"end":{"line":137,"column":1}},"line":122},"6":{"name":"(anonymous_6)","decl":{"start":{"line":140,"column":31},"end":{"line":140,"column":32}},"loc":{"start":{"line":140,"column":42},"end":{"line":152,"column":1}},"line":140}},"branchMap":{"0":{"loc":{"start":{"line":16,"column":15},"end":{"line":18,"column":40}},"type":"binary-expr","locations":[{"start":{"line":16,"column":15},"end":{"line":16,"column":29}},{"start":{"line":17,"column":15},"end":{"line":17,"column":27}},{"start":{"line":17,"column":31},"end":{"line":17,"column":42}},{"start":{"line":18,"column":15},"end":{"line":18,"column":26}},{"start":{"line":18,"column":30},"end":{"line":18,"column":40}}],"line":16},"1":{"loc":{"start":{"line":96,"column":2},"end":{"line":96,"column":50}},"type":"if","locations":[{"start":{"line":96,"column":2},"end":{"line":96,"column":50}},{"start":{},"end":{}}],"line":96},"2":{"loc":{"start":{"line":123,"column":2},"end":{"line":123,"column":34}},"type":"if","locations":[{"start":{"line":123,"column":2},"end":{"line":123,"column":34}},{"start":{},"end":{}}],"line":123},"3":{"loc":{"start":{"line":150,"column":14},"end":{"line":150,"column":35}},"type":"binary-expr","locations":[{"start":{"line":150,"column":14},"end":{"line":150,"column":27}},{"start":{"line":150,"column":31},"end":{"line":150,"column":35}}],"line":150}},"s":{"0":1,"1":1,"2":1,"3":0,"4":0,"5":1,"6":1,"7":1,"8":5,"9":0,"10":5,"11":5,"12":5,"13":5,"14":0,"15":1,"16":3,"17":1,"18":0,"19":0,"20":0,"21":1,"22":0,"23":0,"24":0,"25":0,"26":0,"27":0,"28":0,"29":0,"30":0,"31":0,"32":1,"33":0,"34":1,"35":1},"f":{"0":0,"1":0,"2":5,"3":3,"4":0,"5":0,"6":0},"b":{"0":[0,0,0,0,0],"1":[0,5],"2":[0,0],"3":[0,0]},"_coverageSchema":"1a1c01bbd47fc00a2c39e90264f33305004495a9","hash":"2e11364c1b2704ec78ee4d7e1278c7bb21d79109"}
}
